#! /usr/local/bin/vvp
:ivl_version "0.10.0 (devel)" "(s20150513)";
:ivl_delay_selection "TYPICAL";
:vpi_time_precision + 0;
:vpi_module "system";
:vpi_module "vhdl_sys";
:vpi_module "v2005_math";
:vpi_module "va_math";
S_0x555fb9db65a0 .scope module, "CU_tester" "CU_tester" 2 1678;
 .timescale 0 0;
v0x555fb9eb0f50_0 .var "Clk", 0 0;
v0x555fb9eb1060_0 .var "Cond", 0 0;
v0x555fb9eb1170_0 .var "Done", 0 0;
v0x555fb9eb1210_0 .net "FR", 0 0, v0x555fb9e42c70_0;  1 drivers
v0x555fb9eb1300_0 .net "IR", 31 0, v0x555fb9ead890_0;  1 drivers
v0x555fb9eb13f0_0 .net "MAR", 0 0, v0x555fb9eadb20_0;  1 drivers
v0x555fb9eb14e0_0 .net "MA_0", 0 0, v0x555fb9ead950_0;  1 drivers
v0x555fb9eb15d0_0 .net "MA_1", 0 0, v0x555fb9eada10_0;  1 drivers
v0x555fb9eb16c0_0 .net "MB_0", 0 0, v0x555fb9eadbe0_0;  1 drivers
v0x555fb9eb1760_0 .net "MB_1", 0 0, v0x555fb9eadca0_0;  1 drivers
v0x555fb9eb1850_0 .net "MC_0", 0 0, v0x555fb9eadd60_0;  1 drivers
v0x555fb9eb1940_0 .net "MC_1", 0 0, v0x555fb9eadeb0_0;  1 drivers
v0x555fb9eb1a30_0 .net "MD", 0 0, v0x555fb9eadf70_0;  1 drivers
v0x555fb9eb1b20_0 .net "MDR", 0 0, v0x555fb9eae030_0;  1 drivers
v0x555fb9eb1c10_0 .net "ME", 0 0, v0x555fb9eae0f0_0;  1 drivers
v0x555fb9eb1d00_0 .net "MOV", 0 0, v0x555fb9eae1b0_0;  1 drivers
v0x555fb9eb1df0_0 .var "Moc", 0 0;
v0x555fb9eb1ff0_0 .net "OP0", 0 0, v0x555fb9eae270_0;  1 drivers
v0x555fb9eb20e0_0 .net "OP1", 0 0, v0x555fb9eae330_0;  1 drivers
v0x555fb9eb21d0_0 .net "OP2", 0 0, v0x555fb9eae3f0_0;  1 drivers
v0x555fb9eb22c0_0 .net "OP3", 0 0, v0x555fb9eae4b0_0;  1 drivers
v0x555fb9eb23b0_0 .net "OP4", 0 0, v0x555fb9eae570_0;  1 drivers
v0x555fb9eb24a0_0 .net "RF", 0 0, v0x555fb9eae630_0;  1 drivers
v0x555fb9eb2590_0 .net "R_W", 0 0, v0x555fb9eae6f0_0;  1 drivers
v0x555fb9eb2680_0 .var "Reset", 0 0;
v0x555fb9eb2770_0 .net "State", 5 0, v0x555fb9eaf7c0_0;  1 drivers
S_0x555fb9e8e6f0 .scope module, "cu" "ControlUnit" 2 1684, 2 60 0, S_0x555fb9db65a0;
 .timescale 0 0;
    .port_info 0 /OUTPUT 6 "State"
    .port_info 1 /OUTPUT 1 "FR"
    .port_info 2 /OUTPUT 1 "RF"
    .port_info 3 /OUTPUT 32 "IR"
    .port_info 4 /OUTPUT 1 "MDR"
    .port_info 5 /OUTPUT 1 "MAR"
    .port_info 6 /OUTPUT 1 "R_W"
    .port_info 7 /OUTPUT 1 "MOV"
    .port_info 8 /OUTPUT 1 "MA_1"
    .port_info 9 /OUTPUT 1 "MA_0"
    .port_info 10 /OUTPUT 1 "MB_1"
    .port_info 11 /OUTPUT 1 "MB_0"
    .port_info 12 /OUTPUT 1 "MC_1"
    .port_info 13 /OUTPUT 1 "MC_0"
    .port_info 14 /OUTPUT 1 "MD"
    .port_info 15 /OUTPUT 1 "ME"
    .port_info 16 /OUTPUT 1 "OP4"
    .port_info 17 /OUTPUT 1 "OP3"
    .port_info 18 /OUTPUT 1 "OP2"
    .port_info 19 /OUTPUT 1 "OP1"
    .port_info 20 /OUTPUT 1 "OP0"
    .port_info 21 /INPUT 1 "Moc"
    .port_info 22 /INPUT 1 "Cond"
    .port_info 23 /INPUT 1 "Done"
    .port_info 24 /INPUT 1 "Reset"
    .port_info 25 /INPUT 1 "Clk"
v0x555fb9eaf930_0 .net "Clk", 0 0, v0x555fb9eb0f50_0;  1 drivers
v0x555fb9eaf9f0_0 .net "Cond", 0 0, v0x555fb9eb1060_0;  1 drivers
v0x555fb9eafac0_0 .net "Done", 0 0, v0x555fb9eb1170_0;  1 drivers
v0x555fb9eafbe0_0 .net "FR", 0 0, v0x555fb9e42c70_0;  alias, 1 drivers
v0x555fb9eafc80_0 .net "IR", 31 0, v0x555fb9ead890_0;  alias, 1 drivers
v0x555fb9eafdc0_0 .net "MAR", 0 0, v0x555fb9eadb20_0;  alias, 1 drivers
v0x555fb9eafe60_0 .net "MA_0", 0 0, v0x555fb9ead950_0;  alias, 1 drivers
v0x555fb9eaff00_0 .net "MA_1", 0 0, v0x555fb9eada10_0;  alias, 1 drivers
v0x555fb9eaffd0_0 .net "MB_0", 0 0, v0x555fb9eadbe0_0;  alias, 1 drivers
v0x555fb9eb00a0_0 .net "MB_1", 0 0, v0x555fb9eadca0_0;  alias, 1 drivers
v0x555fb9eb0170_0 .net "MC_0", 0 0, v0x555fb9eadd60_0;  alias, 1 drivers
v0x555fb9eb0240_0 .net "MC_1", 0 0, v0x555fb9eadeb0_0;  alias, 1 drivers
v0x555fb9eb0310_0 .net "MD", 0 0, v0x555fb9eadf70_0;  alias, 1 drivers
v0x555fb9eb03e0_0 .net "MDR", 0 0, v0x555fb9eae030_0;  alias, 1 drivers
v0x555fb9eb04b0_0 .net "ME", 0 0, v0x555fb9eae0f0_0;  alias, 1 drivers
v0x555fb9eb0580_0 .net "MOV", 0 0, v0x555fb9eae1b0_0;  alias, 1 drivers
v0x555fb9eb0650_0 .net "Moc", 0 0, v0x555fb9eb1df0_0;  1 drivers
v0x555fb9eb0720_0 .net "NextState", 5 0, v0x555fb9eaf080_0;  1 drivers
v0x555fb9eb07c0_0 .net "OP0", 0 0, v0x555fb9eae270_0;  alias, 1 drivers
v0x555fb9eb0860_0 .net "OP1", 0 0, v0x555fb9eae330_0;  alias, 1 drivers
v0x555fb9eb0930_0 .net "OP2", 0 0, v0x555fb9eae3f0_0;  alias, 1 drivers
v0x555fb9eb0a00_0 .net "OP3", 0 0, v0x555fb9eae4b0_0;  alias, 1 drivers
v0x555fb9eb0ad0_0 .net "OP4", 0 0, v0x555fb9eae570_0;  alias, 1 drivers
v0x555fb9eb0ba0_0 .net "RF", 0 0, v0x555fb9eae630_0;  alias, 1 drivers
v0x555fb9eb0c70_0 .net "R_W", 0 0, v0x555fb9eae6f0_0;  alias, 1 drivers
v0x555fb9eb0d40_0 .net "Reset", 0 0, v0x555fb9eb2680_0;  1 drivers
v0x555fb9eb0e10_0 .net "State", 5 0, v0x555fb9eaf7c0_0;  alias, 1 drivers
S_0x555fb9e8eaf0 .scope module, "CSE" "ControlSignalsEncoder" 2 75, 2 352 0, S_0x555fb9e8e6f0;
 .timescale 0 0;
    .port_info 0 /OUTPUT 1 "FR_ld"
    .port_info 1 /OUTPUT 1 "RF_ld"
    .port_info 2 /OUTPUT 32 "IR_ld"
    .port_info 3 /OUTPUT 1 "MDR_ld"
    .port_info 4 /OUTPUT 1 "MAR_ld"
    .port_info 5 /OUTPUT 1 "R_W"
    .port_info 6 /OUTPUT 1 "MOV"
    .port_info 7 /OUTPUT 1 "MA1"
    .port_info 8 /OUTPUT 1 "MA0"
    .port_info 9 /OUTPUT 1 "MB1"
    .port_info 10 /OUTPUT 1 "MB0"
    .port_info 11 /OUTPUT 1 "MC1"
    .port_info 12 /OUTPUT 1 "MC0"
    .port_info 13 /OUTPUT 1 "MD"
    .port_info 14 /OUTPUT 1 "ME"
    .port_info 15 /OUTPUT 1 "OP4"
    .port_info 16 /OUTPUT 1 "OP3"
    .port_info 17 /OUTPUT 1 "OP2"
    .port_info 18 /OUTPUT 1 "OP1"
    .port_info 19 /OUTPUT 1 "OP0"
    .port_info 20 /INPUT 6 "State"
    .port_info 21 /INPUT 1 "Done"
v0x555fb9da89a0_0 .net "Done", 0 0, v0x555fb9eb1170_0;  alias, 1 drivers
v0x555fb9e42c70_0 .var "FR_ld", 0 0;
v0x555fb9ead890_0 .var "IR_ld", 31 0;
v0x555fb9ead950_0 .var "MA0", 0 0;
v0x555fb9eada10_0 .var "MA1", 0 0;
v0x555fb9eadb20_0 .var "MAR_ld", 0 0;
v0x555fb9eadbe0_0 .var "MB0", 0 0;
v0x555fb9eadca0_0 .var "MB1", 0 0;
v0x555fb9eadd60_0 .var "MC0", 0 0;
v0x555fb9eadeb0_0 .var "MC1", 0 0;
v0x555fb9eadf70_0 .var "MD", 0 0;
v0x555fb9eae030_0 .var "MDR_ld", 0 0;
v0x555fb9eae0f0_0 .var "ME", 0 0;
v0x555fb9eae1b0_0 .var "MOV", 0 0;
v0x555fb9eae270_0 .var "OP0", 0 0;
v0x555fb9eae330_0 .var "OP1", 0 0;
v0x555fb9eae3f0_0 .var "OP2", 0 0;
v0x555fb9eae4b0_0 .var "OP3", 0 0;
v0x555fb9eae570_0 .var "OP4", 0 0;
v0x555fb9eae630_0 .var "RF_ld", 0 0;
v0x555fb9eae6f0_0 .var "R_W", 0 0;
v0x555fb9eae7b0_0 .net "State", 5 0, v0x555fb9eaf7c0_0;  alias, 1 drivers
E_0x555fb9e27d50 .event edge, v0x555fb9da89a0_0, v0x555fb9eae7b0_0;
S_0x555fb9eaeb50 .scope module, "NSD" "NextStateDecoder" 2 74, 2 80 0, S_0x555fb9e8e6f0;
 .timescale 0 0;
    .port_info 0 /OUTPUT 6 "NextState"
    .port_info 1 /INPUT 6 "State"
    .port_info 2 /INPUT 32 "IR"
    .port_info 3 /INPUT 1 "Done"
    .port_info 4 /INPUT 1 "Cond"
    .port_info 5 /INPUT 1 "Moc"
v0x555fb9eaed90_0 .net "Cond", 0 0, v0x555fb9eb1060_0;  alias, 1 drivers
v0x555fb9eaee50_0 .net "Done", 0 0, v0x555fb9eb1170_0;  alias, 1 drivers
v0x555fb9eaef10_0 .net "IR", 31 0, v0x555fb9ead890_0;  alias, 1 drivers
v0x555fb9eaefe0_0 .net "Moc", 0 0, v0x555fb9eb1df0_0;  alias, 1 drivers
v0x555fb9eaf080_0 .var "NextState", 5 0;
v0x555fb9eaf170_0 .net "State", 5 0, v0x555fb9eaf7c0_0;  alias, 1 drivers
S_0x555fb9eaf2d0 .scope module, "Register" "StateReg" 2 76, 2 1562 0, S_0x555fb9e8e6f0;
 .timescale 0 0;
    .port_info 0 /OUTPUT 6 "State"
    .port_info 1 /INPUT 6 "NextState"
    .port_info 2 /INPUT 1 "Clr"
    .port_info 3 /INPUT 1 "Clk"
v0x555fb9eaf520_0 .net "Clk", 0 0, v0x555fb9eb0f50_0;  alias, 1 drivers
v0x555fb9eaf600_0 .net "Clr", 0 0, v0x555fb9eb2680_0;  alias, 1 drivers
v0x555fb9eaf6c0_0 .net "NextState", 5 0, v0x555fb9eaf080_0;  alias, 1 drivers
v0x555fb9eaf7c0_0 .var "State", 5 0;
E_0x555fb9e26de0/0 .event negedge, v0x555fb9eaf600_0;
E_0x555fb9e26de0/1 .event posedge, v0x555fb9eaf520_0;
E_0x555fb9e26de0 .event/or E_0x555fb9e26de0/0, E_0x555fb9e26de0/1;
S_0x555fb9db6bf0 .scope module, "mux_4_1" "mux_4_1" 2 1576;
 .timescale 0 0;
    .port_info 0 /INPUT 4 "a"
    .port_info 1 /INPUT 4 "b"
    .port_info 2 /INPUT 4 "c"
    .port_info 3 /INPUT 4 "d"
    .port_info 4 /INPUT 1 "sel1"
    .port_info 5 /INPUT 1 "sel2"
    .port_info 6 /OUTPUT 4 "out"
v0x555fb9eb2810_0 .net *"_s0", 3 0, L_0x555fb9eb3120;  1 drivers
v0x555fb9eb2910_0 .net *"_s2", 3 0, L_0x555fb9eb31e0;  1 drivers
o0x7f4932eda068 .functor BUFZ 4, C4<zzzz>; HiZ drive
v0x555fb9eb29f0_0 .net "a", 3 0, o0x7f4932eda068;  0 drivers
o0x7f4932eda098 .functor BUFZ 4, C4<zzzz>; HiZ drive
v0x555fb9eb2ab0_0 .net "b", 3 0, o0x7f4932eda098;  0 drivers
o0x7f4932eda0c8 .functor BUFZ 4, C4<zzzz>; HiZ drive
v0x555fb9eb2b90_0 .net "c", 3 0, o0x7f4932eda0c8;  0 drivers
o0x7f4932eda0f8 .functor BUFZ 4, C4<zzzz>; HiZ drive
v0x555fb9eb2c70_0 .net "d", 3 0, o0x7f4932eda0f8;  0 drivers
v0x555fb9eb2d50_0 .net "out", 3 0, L_0x555fb9eb3280;  1 drivers
o0x7f4932eda158 .functor BUFZ 1, C4<z>; HiZ drive
v0x555fb9eb2e30_0 .net "sel1", 0 0, o0x7f4932eda158;  0 drivers
o0x7f4932eda188 .functor BUFZ 1, C4<z>; HiZ drive
v0x555fb9eb2ef0_0 .net "sel2", 0 0, o0x7f4932eda188;  0 drivers
L_0x555fb9eb3120 .functor MUXZ 4, o0x7f4932eda0c8, o0x7f4932eda0f8, o0x7f4932eda158, C4<>;
L_0x555fb9eb31e0 .functor MUXZ 4, o0x7f4932eda068, o0x7f4932eda098, o0x7f4932eda158, C4<>;
L_0x555fb9eb3280 .functor MUXZ 4, L_0x555fb9eb31e0, L_0x555fb9eb3120, o0x7f4932eda188, C4<>;
    .scope S_0x555fb9eaeb50;
T_0 ;
    %wait E_0x555fb9e27d50;
    %load/vec4 v0x555fb9eaf170_0;
    %dup/vec4;
    %pushi/vec4 0, 0, 6;
    %cmp/u;
    %jmp/1 T_0.0, 6;
    %dup/vec4;
    %pushi/vec4 1, 0, 6;
    %cmp/u;
    %jmp/1 T_0.1, 6;
    %dup/vec4;
    %pushi/vec4 2, 0, 6;
    %cmp/u;
    %jmp/1 T_0.2, 6;
    %dup/vec4;
    %pushi/vec4 3, 0, 6;
    %cmp/u;
    %jmp/1 T_0.3, 6;
    %dup/vec4;
    %pushi/vec4 4, 0, 6;
    %cmp/u;
    %jmp/1 T_0.4, 6;
    %dup/vec4;
    %pushi/vec4 5, 0, 6;
    %cmp/u;
    %jmp/1 T_0.5, 6;
    %dup/vec4;
    %pushi/vec4 6, 0, 6;
    %cmp/u;
    %jmp/1 T_0.6, 6;
    %dup/vec4;
    %pushi/vec4 7, 0, 6;
    %cmp/u;
    %jmp/1 T_0.7, 6;
    %dup/vec4;
    %pushi/vec4 8, 0, 6;
    %cmp/u;
    %jmp/1 T_0.8, 6;
    %dup/vec4;
    %pushi/vec4 9, 0, 6;
    %cmp/u;
    %jmp/1 T_0.9, 6;
    %dup/vec4;
    %pushi/vec4 10, 0, 6;
    %cmp/u;
    %jmp/1 T_0.10, 6;
    %dup/vec4;
    %pushi/vec4 11, 0, 6;
    %cmp/u;
    %jmp/1 T_0.11, 6;
    %dup/vec4;
    %pushi/vec4 12, 0, 6;
    %cmp/u;
    %jmp/1 T_0.12, 6;
    %dup/vec4;
    %pushi/vec4 13, 0, 6;
    %cmp/u;
    %jmp/1 T_0.13, 6;
    %dup/vec4;
    %pushi/vec4 14, 0, 6;
    %cmp/u;
    %jmp/1 T_0.14, 6;
    %dup/vec4;
    %pushi/vec4 15, 0, 6;
    %cmp/u;
    %jmp/1 T_0.15, 6;
    %dup/vec4;
    %pushi/vec4 16, 0, 6;
    %cmp/u;
    %jmp/1 T_0.16, 6;
    %dup/vec4;
    %pushi/vec4 17, 0, 6;
    %cmp/u;
    %jmp/1 T_0.17, 6;
    %dup/vec4;
    %pushi/vec4 18, 0, 6;
    %cmp/u;
    %jmp/1 T_0.18, 6;
    %dup/vec4;
    %pushi/vec4 19, 0, 6;
    %cmp/u;
    %jmp/1 T_0.19, 6;
    %dup/vec4;
    %pushi/vec4 20, 0, 6;
    %cmp/u;
    %jmp/1 T_0.20, 6;
    %dup/vec4;
    %pushi/vec4 21, 0, 6;
    %cmp/u;
    %jmp/1 T_0.21, 6;
    %dup/vec4;
    %pushi/vec4 22, 0, 6;
    %cmp/u;
    %jmp/1 T_0.22, 6;
    %dup/vec4;
    %pushi/vec4 23, 0, 6;
    %cmp/u;
    %jmp/1 T_0.23, 6;
    %dup/vec4;
    %pushi/vec4 24, 0, 6;
    %cmp/u;
    %jmp/1 T_0.24, 6;
    %dup/vec4;
    %pushi/vec4 25, 0, 6;
    %cmp/u;
    %jmp/1 T_0.25, 6;
    %dup/vec4;
    %pushi/vec4 26, 0, 6;
    %cmp/u;
    %jmp/1 T_0.26, 6;
    %dup/vec4;
    %pushi/vec4 27, 0, 6;
    %cmp/u;
    %jmp/1 T_0.27, 6;
    %dup/vec4;
    %pushi/vec4 28, 0, 6;
    %cmp/u;
    %jmp/1 T_0.28, 6;
    %dup/vec4;
    %pushi/vec4 29, 0, 6;
    %cmp/u;
    %jmp/1 T_0.29, 6;
    %dup/vec4;
    %pushi/vec4 30, 0, 6;
    %cmp/u;
    %jmp/1 T_0.30, 6;
    %dup/vec4;
    %pushi/vec4 31, 0, 6;
    %cmp/u;
    %jmp/1 T_0.31, 6;
    %dup/vec4;
    %pushi/vec4 32, 0, 6;
    %cmp/u;
    %jmp/1 T_0.32, 6;
    %dup/vec4;
    %pushi/vec4 33, 0, 6;
    %cmp/u;
    %jmp/1 T_0.33, 6;
    %dup/vec4;
    %pushi/vec4 34, 0, 6;
    %cmp/u;
    %jmp/1 T_0.34, 6;
    %dup/vec4;
    %pushi/vec4 35, 0, 6;
    %cmp/u;
    %jmp/1 T_0.35, 6;
    %dup/vec4;
    %pushi/vec4 36, 0, 6;
    %cmp/u;
    %jmp/1 T_0.36, 6;
    %dup/vec4;
    %pushi/vec4 37, 0, 6;
    %cmp/u;
    %jmp/1 T_0.37, 6;
    %dup/vec4;
    %pushi/vec4 38, 0, 6;
    %cmp/u;
    %jmp/1 T_0.38, 6;
    %dup/vec4;
    %pushi/vec4 39, 0, 6;
    %cmp/u;
    %jmp/1 T_0.39, 6;
    %dup/vec4;
    %pushi/vec4 40, 0, 6;
    %cmp/u;
    %jmp/1 T_0.40, 6;
    %dup/vec4;
    %pushi/vec4 41, 0, 6;
    %cmp/u;
    %jmp/1 T_0.41, 6;
    %dup/vec4;
    %pushi/vec4 42, 0, 6;
    %cmp/u;
    %jmp/1 T_0.42, 6;
    %dup/vec4;
    %pushi/vec4 43, 0, 6;
    %cmp/u;
    %jmp/1 T_0.43, 6;
    %dup/vec4;
    %pushi/vec4 44, 0, 6;
    %cmp/u;
    %jmp/1 T_0.44, 6;
    %dup/vec4;
    %pushi/vec4 45, 0, 6;
    %cmp/u;
    %jmp/1 T_0.45, 6;
    %dup/vec4;
    %pushi/vec4 46, 0, 6;
    %cmp/u;
    %jmp/1 T_0.46, 6;
    %pushi/vec4 0, 0, 6;
    %store/vec4 v0x555fb9eaf080_0, 0, 6;
    %jmp T_0.48;
T_0.0 ;
    %pushi/vec4 1, 0, 6;
    %store/vec4 v0x555fb9eaf080_0, 0, 6;
    %jmp T_0.48;
T_0.1 ;
    %pushi/vec4 2, 0, 6;
    %store/vec4 v0x555fb9eaf080_0, 0, 6;
    %jmp T_0.48;
T_0.2 ;
    %pushi/vec4 3, 0, 6;
    %store/vec4 v0x555fb9eaf080_0, 0, 6;
    %jmp T_0.48;
T_0.3 ;
    %load/vec4 v0x555fb9eaefe0_0;
    %flag_set/vec4 8;
    %jmp/0xz  T_0.49, 8;
    %pushi/vec4 4, 0, 6;
    %store/vec4 v0x555fb9eaf080_0, 0, 6;
    %jmp T_0.50;
T_0.49 ;
    %pushi/vec4 3, 0, 6;
    %assign/vec4 v0x555fb9eaf080_0, 0;
T_0.50 ;
    %jmp T_0.48;
T_0.4 ;
    %load/vec4 v0x555fb9eaed90_0;
    %flag_set/vec4 8;
    %jmp/0xz  T_0.51, 8;
    %load/vec4 v0x555fb9eaef10_0;
    %parti/s 3, 25, 6;
    %cmpi/e 2, 0, 3;
    %jmp/0xz  T_0.53, 4;
    %load/vec4 v0x555fb9eaef10_0;
    %parti/s 1, 20, 6;
    %cmpi/e 0, 0, 1;
    %jmp/0xz  T_0.55, 4;
    %load/vec4 v0x555fb9eaef10_0;
    %parti/s 1, 23, 6;
    %cmpi/e 0, 0, 1;
    %jmp/0xz  T_0.57, 4;
    %pushi/vec4 10, 0, 6;
    %store/vec4 v0x555fb9eaf080_0, 0, 6;
T_0.57 ;
    %load/vec4 v0x555fb9eaef10_0;
    %parti/s 1, 24, 6;
    %cmpi/e 0, 0, 1;
    %jmp/0xz  T_0.59, 4;
    %pushi/vec4 9, 0, 6;
    %store/vec4 v0x555fb9eaf080_0, 0, 6;
    %jmp T_0.60;
T_0.59 ;
    %pushi/vec4 8, 0, 6;
    %store/vec4 v0x555fb9eaf080_0, 0, 6;
T_0.60 ;
    %jmp T_0.56;
T_0.55 ;
    %load/vec4 v0x555fb9eaef10_0;
    %parti/s 1, 23, 6;
    %cmpi/e 1, 0, 1;
    %jmp/0xz  T_0.61, 4;
    %load/vec4 v0x555fb9eaef10_0;
    %parti/s 1, 24, 6;
    %cmpi/e 0, 0, 1;
    %jmp/0xz  T_0.63, 4;
    %pushi/vec4 27, 0, 6;
    %assign/vec4 v0x555fb9eaf080_0, 0;
    %jmp T_0.64;
T_0.63 ;
    %load/vec4 v0x555fb9eaef10_0;
    %parti/s 1, 24, 6;
    %pushi/vec4 0, 0, 1;
    %cmp/e;
    %flag_get/vec4 4;
    %load/vec4 v0x555fb9eaef10_0;
    %parti/s 1, 21, 6;
    %and;
    %flag_set/vec4 8;
    %jmp/0xz  T_0.65, 8;
    %pushi/vec4 28, 0, 6;
    %assign/vec4 v0x555fb9eaf080_0, 0;
    %jmp T_0.66;
T_0.65 ;
    %pushi/vec4 26, 0, 6;
    %store/vec4 v0x555fb9eaf080_0, 0, 6;
T_0.66 ;
T_0.64 ;
T_0.61 ;
T_0.56 ;
T_0.53 ;
    %jmp T_0.52;
T_0.51 ;
    %pushi/vec4 4, 0, 6;
    %assign/vec4 v0x555fb9eaf080_0, 0;
T_0.52 ;
    %jmp T_0.48;
T_0.5 ;
    %pushi/vec4 1, 0, 6;
    %store/vec4 v0x555fb9eaf080_0, 0, 6;
    %jmp T_0.48;
T_0.6 ;
    %pushi/vec4 1, 0, 6;
    %store/vec4 v0x555fb9eaf080_0, 0, 6;
    %jmp T_0.48;
T_0.7 ;
    %pushi/vec4 1, 0, 6;
    %store/vec4 v0x555fb9eaf080_0, 0, 6;
    %jmp T_0.48;
T_0.8 ;
    %pushi/vec4 17, 0, 6;
    %store/vec4 v0x555fb9eaf080_0, 0, 6;
    %jmp T_0.48;
T_0.9 ;
    %pushi/vec4 17, 0, 6;
    %store/vec4 v0x555fb9eaf080_0, 0, 6;
    %jmp T_0.48;
T_0.10 ;
    %pushi/vec4 17, 0, 6;
    %store/vec4 v0x555fb9eaf080_0, 0, 6;
    %jmp T_0.48;
T_0.11 ;
    %pushi/vec4 17, 0, 6;
    %store/vec4 v0x555fb9eaf080_0, 0, 6;
    %jmp T_0.48;
T_0.12 ;
    %pushi/vec4 17, 0, 6;
    %store/vec4 v0x555fb9eaf080_0, 0, 6;
    %jmp T_0.48;
T_0.13 ;
    %pushi/vec4 17, 0, 6;
    %store/vec4 v0x555fb9eaf080_0, 0, 6;
    %jmp T_0.48;
T_0.14 ;
    %pushi/vec4 17, 0, 6;
    %store/vec4 v0x555fb9eaf080_0, 0, 6;
    %jmp T_0.48;
T_0.15 ;
    %pushi/vec4 17, 0, 6;
    %store/vec4 v0x555fb9eaf080_0, 0, 6;
    %jmp T_0.48;
T_0.16 ;
    %pushi/vec4 17, 0, 6;
    %store/vec4 v0x555fb9eaf080_0, 0, 6;
    %jmp T_0.48;
T_0.17 ;
    %pushi/vec4 18, 0, 6;
    %store/vec4 v0x555fb9eaf080_0, 0, 6;
    %jmp T_0.48;
T_0.18 ;
    %load/vec4 v0x555fb9eaefe0_0;
    %nor/r;
    %flag_set/vec4 8;
    %jmp/0xz  T_0.67, 8;
    %pushi/vec4 18, 0, 6;
    %store/vec4 v0x555fb9eaf080_0, 0, 6;
    %jmp T_0.68;
T_0.67 ;
    %pushi/vec4 19, 0, 6;
    %store/vec4 v0x555fb9eaf080_0, 0, 6;
T_0.68 ;
    %jmp T_0.48;
T_0.19 ;
    %load/vec4 v0x555fb9eaef10_0;
    %parti/s 3, 25, 6;
    %cmpi/e 2, 0, 3;
    %jmp/0xz  T_0.69, 4;
    %load/vec4 v0x555fb9eaef10_0;
    %parti/s 1, 20, 6;
    %cmpi/e 0, 0, 1;
    %jmp/0xz  T_0.71, 4;
    %load/vec4 v0x555fb9eaef10_0;
    %parti/s 1, 23, 6;
    %cmpi/e 0, 0, 1;
    %jmp/0xz  T_0.73, 4;
    %pushi/vec4 10, 0, 6;
    %store/vec4 v0x555fb9eaf080_0, 0, 6;
T_0.73 ;
    %load/vec4 v0x555fb9eaef10_0;
    %parti/s 1, 24, 6;
    %cmpi/e 0, 0, 1;
    %jmp/0xz  T_0.75, 4;
    %pushi/vec4 9, 0, 6;
    %store/vec4 v0x555fb9eaf080_0, 0, 6;
    %jmp T_0.76;
T_0.75 ;
    %pushi/vec4 8, 0, 6;
    %store/vec4 v0x555fb9eaf080_0, 0, 6;
T_0.76 ;
    %jmp T_0.72;
T_0.71 ;
    %load/vec4 v0x555fb9eaef10_0;
    %parti/s 1, 23, 6;
    %cmpi/e 1, 0, 1;
    %jmp/0xz  T_0.77, 4;
    %load/vec4 v0x555fb9eaef10_0;
    %parti/s 1, 24, 6;
    %cmpi/e 0, 0, 1;
    %jmp/0xz  T_0.79, 4;
    %pushi/vec4 12, 0, 6;
    %store/vec4 v0x555fb9eaf080_0, 0, 6;
    %jmp T_0.80;
T_0.79 ;
    %load/vec4 v0x555fb9eaef10_0;
    %parti/s 1, 24, 6;
    %pushi/vec4 0, 0, 1;
    %cmp/e;
    %flag_get/vec4 4;
    %load/vec4 v0x555fb9eaef10_0;
    %parti/s 1, 21, 6;
    %and;
    %flag_set/vec4 8;
    %jmp/0xz  T_0.81, 8;
    %pushi/vec4 10, 0, 6;
    %store/vec4 v0x555fb9eaf080_0, 0, 6;
    %jmp T_0.82;
T_0.81 ;
    %pushi/vec4 14, 0, 6;
    %store/vec4 v0x555fb9eaf080_0, 0, 6;
T_0.82 ;
T_0.80 ;
T_0.77 ;
T_0.72 ;
T_0.69 ;
    %jmp T_0.48;
T_0.20 ;
    %pushi/vec4 1, 0, 6;
    %store/vec4 v0x555fb9eaf080_0, 0, 6;
    %jmp T_0.48;
T_0.21 ;
    %pushi/vec4 1, 0, 6;
    %store/vec4 v0x555fb9eaf080_0, 0, 6;
    %jmp T_0.48;
T_0.22 ;
    %pushi/vec4 1, 0, 6;
    %store/vec4 v0x555fb9eaf080_0, 0, 6;
    %jmp T_0.48;
T_0.23 ;
    %pushi/vec4 1, 0, 6;
    %store/vec4 v0x555fb9eaf080_0, 0, 6;
    %jmp T_0.48;
T_0.24 ;
    %pushi/vec4 1, 0, 6;
    %store/vec4 v0x555fb9eaf080_0, 0, 6;
    %jmp T_0.48;
T_0.25 ;
    %pushi/vec4 1, 0, 6;
    %store/vec4 v0x555fb9eaf080_0, 0, 6;
    %jmp T_0.48;
T_0.26 ;
    %pushi/vec4 35, 0, 6;
    %store/vec4 v0x555fb9eaf080_0, 0, 6;
    %jmp T_0.48;
T_0.27 ;
    %pushi/vec4 35, 0, 6;
    %store/vec4 v0x555fb9eaf080_0, 0, 6;
    %jmp T_0.48;
T_0.28 ;
    %pushi/vec4 35, 0, 6;
    %store/vec4 v0x555fb9eaf080_0, 0, 6;
    %jmp T_0.48;
T_0.29 ;
    %pushi/vec4 35, 0, 6;
    %store/vec4 v0x555fb9eaf080_0, 0, 6;
    %jmp T_0.48;
T_0.30 ;
    %pushi/vec4 35, 0, 6;
    %store/vec4 v0x555fb9eaf080_0, 0, 6;
    %jmp T_0.48;
T_0.31 ;
    %pushi/vec4 35, 0, 6;
    %store/vec4 v0x555fb9eaf080_0, 0, 6;
    %jmp T_0.48;
T_0.32 ;
    %pushi/vec4 35, 0, 6;
    %store/vec4 v0x555fb9eaf080_0, 0, 6;
    %jmp T_0.48;
T_0.33 ;
    %pushi/vec4 35, 0, 6;
    %store/vec4 v0x555fb9eaf080_0, 0, 6;
    %jmp T_0.48;
T_0.34 ;
    %pushi/vec4 35, 0, 6;
    %store/vec4 v0x555fb9eaf080_0, 0, 6;
    %jmp T_0.48;
T_0.35 ;
    %pushi/vec4 36, 0, 6;
    %store/vec4 v0x555fb9eaf080_0, 0, 6;
    %jmp T_0.48;
T_0.36 ;
    %pushi/vec4 37, 0, 6;
    %store/vec4 v0x555fb9eaf080_0, 0, 6;
    %jmp T_0.48;
T_0.37 ;
    %load/vec4 v0x555fb9eaefe0_0;
    %nor/r;
    %flag_set/vec4 8;
    %jmp/0xz  T_0.83, 8;
    %pushi/vec4 37, 0, 6;
    %assign/vec4 v0x555fb9eaf080_0, 0;
    %jmp T_0.84;
T_0.83 ;
    %load/vec4 v0x555fb9eaef10_0;
    %parti/s 3, 25, 6;
    %cmpi/e 2, 0, 3;
    %jmp/0xz  T_0.85, 4;
    %load/vec4 v0x555fb9eaef10_0;
    %parti/s 1, 20, 6;
    %cmpi/e 0, 0, 1;
    %jmp/0xz  T_0.87, 4;
    %load/vec4 v0x555fb9eaef10_0;
    %parti/s 1, 23, 6;
    %cmpi/e 0, 0, 1;
    %jmp/0xz  T_0.89, 4;
    %pushi/vec4 10, 0, 6;
    %store/vec4 v0x555fb9eaf080_0, 0, 6;
T_0.89 ;
    %load/vec4 v0x555fb9eaef10_0;
    %parti/s 1, 24, 6;
    %cmpi/e 0, 0, 1;
    %jmp/0xz  T_0.91, 4;
    %pushi/vec4 9, 0, 6;
    %store/vec4 v0x555fb9eaf080_0, 0, 6;
    %jmp T_0.92;
T_0.91 ;
    %pushi/vec4 8, 0, 6;
    %store/vec4 v0x555fb9eaf080_0, 0, 6;
T_0.92 ;
    %jmp T_0.88;
T_0.87 ;
    %load/vec4 v0x555fb9eaef10_0;
    %parti/s 1, 23, 6;
    %cmpi/e 1, 0, 1;
    %jmp/0xz  T_0.93, 4;
    %load/vec4 v0x555fb9eaef10_0;
    %parti/s 1, 24, 6;
    %cmpi/e 0, 0, 1;
    %jmp/0xz  T_0.95, 4;
    %pushi/vec4 27, 0, 6;
    %store/vec4 v0x555fb9eaf080_0, 0, 6;
    %jmp T_0.96;
T_0.95 ;
    %load/vec4 v0x555fb9eaef10_0;
    %parti/s 1, 24, 6;
    %pushi/vec4 0, 0, 1;
    %cmp/e;
    %flag_get/vec4 4;
    %load/vec4 v0x555fb9eaef10_0;
    %parti/s 1, 21, 6;
    %and;
    %flag_set/vec4 8;
    %jmp/0xz  T_0.97, 8;
    %pushi/vec4 28, 0, 6;
    %store/vec4 v0x555fb9eaf080_0, 0, 6;
    %jmp T_0.98;
T_0.97 ;
    %pushi/vec4 26, 0, 6;
    %store/vec4 v0x555fb9eaf080_0, 0, 6;
T_0.98 ;
T_0.96 ;
T_0.93 ;
T_0.88 ;
T_0.85 ;
T_0.84 ;
    %jmp T_0.48;
T_0.38 ;
    %pushi/vec4 1, 0, 6;
    %store/vec4 v0x555fb9eaf080_0, 0, 6;
    %jmp T_0.48;
T_0.39 ;
    %pushi/vec4 1, 0, 6;
    %store/vec4 v0x555fb9eaf080_0, 0, 6;
    %jmp T_0.48;
T_0.40 ;
    %pushi/vec4 1, 0, 6;
    %store/vec4 v0x555fb9eaf080_0, 0, 6;
    %jmp T_0.48;
T_0.41 ;
    %pushi/vec4 1, 0, 6;
    %store/vec4 v0x555fb9eaf080_0, 0, 6;
    %jmp T_0.48;
T_0.42 ;
    %pushi/vec4 1, 0, 6;
    %store/vec4 v0x555fb9eaf080_0, 0, 6;
    %jmp T_0.48;
T_0.43 ;
    %pushi/vec4 1, 0, 6;
    %store/vec4 v0x555fb9eaf080_0, 0, 6;
    %jmp T_0.48;
T_0.44 ;
    %pushi/vec4 1, 0, 6;
    %store/vec4 v0x555fb9eaf080_0, 0, 6;
    %jmp T_0.48;
T_0.45 ;
    %pushi/vec4 1, 0, 6;
    %store/vec4 v0x555fb9eaf080_0, 0, 6;
    %jmp T_0.48;
T_0.46 ;
    %pushi/vec4 1, 0, 6;
    %store/vec4 v0x555fb9eaf080_0, 0, 6;
    %jmp T_0.48;
T_0.48 ;
    %pop/vec4 1;
    %jmp T_0;
    .thread T_0, $push;
    .scope S_0x555fb9e8eaf0;
T_1 ;
    %wait E_0x555fb9e27d50;
    %load/vec4 v0x555fb9eae7b0_0;
    %dup/vec4;
    %pushi/vec4 0, 0, 6;
    %cmp/u;
    %jmp/1 T_1.0, 6;
    %dup/vec4;
    %pushi/vec4 1, 0, 6;
    %cmp/u;
    %jmp/1 T_1.1, 6;
    %dup/vec4;
    %pushi/vec4 2, 0, 6;
    %cmp/u;
    %jmp/1 T_1.2, 6;
    %dup/vec4;
    %pushi/vec4 3, 0, 6;
    %cmp/u;
    %jmp/1 T_1.3, 6;
    %dup/vec4;
    %pushi/vec4 4, 0, 6;
    %cmp/u;
    %jmp/1 T_1.4, 6;
    %dup/vec4;
    %pushi/vec4 5, 0, 6;
    %cmp/u;
    %jmp/1 T_1.5, 6;
    %dup/vec4;
    %pushi/vec4 6, 0, 6;
    %cmp/u;
    %jmp/1 T_1.6, 6;
    %dup/vec4;
    %pushi/vec4 7, 0, 6;
    %cmp/u;
    %jmp/1 T_1.7, 6;
    %dup/vec4;
    %pushi/vec4 8, 0, 6;
    %cmp/u;
    %jmp/1 T_1.8, 6;
    %dup/vec4;
    %pushi/vec4 9, 0, 6;
    %cmp/u;
    %jmp/1 T_1.9, 6;
    %dup/vec4;
    %pushi/vec4 10, 0, 6;
    %cmp/u;
    %jmp/1 T_1.10, 6;
    %dup/vec4;
    %pushi/vec4 11, 0, 6;
    %cmp/u;
    %jmp/1 T_1.11, 6;
    %dup/vec4;
    %pushi/vec4 12, 0, 6;
    %cmp/u;
    %jmp/1 T_1.12, 6;
    %dup/vec4;
    %pushi/vec4 13, 0, 6;
    %cmp/u;
    %jmp/1 T_1.13, 6;
    %dup/vec4;
    %pushi/vec4 14, 0, 6;
    %cmp/u;
    %jmp/1 T_1.14, 6;
    %dup/vec4;
    %pushi/vec4 12, 0, 6;
    %cmp/u;
    %jmp/1 T_1.15, 6;
    %dup/vec4;
    %pushi/vec4 16, 0, 6;
    %cmp/u;
    %jmp/1 T_1.16, 6;
    %dup/vec4;
    %pushi/vec4 17, 0, 6;
    %cmp/u;
    %jmp/1 T_1.17, 6;
    %dup/vec4;
    %pushi/vec4 18, 0, 6;
    %cmp/u;
    %jmp/1 T_1.18, 6;
    %dup/vec4;
    %pushi/vec4 19, 0, 6;
    %cmp/u;
    %jmp/1 T_1.19, 6;
    %dup/vec4;
    %pushi/vec4 20, 0, 6;
    %cmp/u;
    %jmp/1 T_1.20, 6;
    %dup/vec4;
    %pushi/vec4 21, 0, 6;
    %cmp/u;
    %jmp/1 T_1.21, 6;
    %dup/vec4;
    %pushi/vec4 22, 0, 6;
    %cmp/u;
    %jmp/1 T_1.22, 6;
    %dup/vec4;
    %pushi/vec4 23, 0, 6;
    %cmp/u;
    %jmp/1 T_1.23, 6;
    %dup/vec4;
    %pushi/vec4 24, 0, 6;
    %cmp/u;
    %jmp/1 T_1.24, 6;
    %dup/vec4;
    %pushi/vec4 25, 0, 6;
    %cmp/u;
    %jmp/1 T_1.25, 6;
    %dup/vec4;
    %pushi/vec4 26, 0, 6;
    %cmp/u;
    %jmp/1 T_1.26, 6;
    %dup/vec4;
    %pushi/vec4 27, 0, 6;
    %cmp/u;
    %jmp/1 T_1.27, 6;
    %dup/vec4;
    %pushi/vec4 28, 0, 6;
    %cmp/u;
    %jmp/1 T_1.28, 6;
    %dup/vec4;
    %pushi/vec4 29, 0, 6;
    %cmp/u;
    %jmp/1 T_1.29, 6;
    %dup/vec4;
    %pushi/vec4 30, 0, 6;
    %cmp/u;
    %jmp/1 T_1.30, 6;
    %dup/vec4;
    %pushi/vec4 31, 0, 6;
    %cmp/u;
    %jmp/1 T_1.31, 6;
    %dup/vec4;
    %pushi/vec4 32, 0, 6;
    %cmp/u;
    %jmp/1 T_1.32, 6;
    %dup/vec4;
    %pushi/vec4 33, 0, 6;
    %cmp/u;
    %jmp/1 T_1.33, 6;
    %dup/vec4;
    %pushi/vec4 34, 0, 6;
    %cmp/u;
    %jmp/1 T_1.34, 6;
    %dup/vec4;
    %pushi/vec4 35, 0, 6;
    %cmp/u;
    %jmp/1 T_1.35, 6;
    %dup/vec4;
    %pushi/vec4 36, 0, 6;
    %cmp/u;
    %jmp/1 T_1.36, 6;
    %dup/vec4;
    %pushi/vec4 37, 0, 6;
    %cmp/u;
    %jmp/1 T_1.37, 6;
    %dup/vec4;
    %pushi/vec4 38, 0, 6;
    %cmp/u;
    %jmp/1 T_1.38, 6;
    %dup/vec4;
    %pushi/vec4 39, 0, 6;
    %cmp/u;
    %jmp/1 T_1.39, 6;
    %dup/vec4;
    %pushi/vec4 40, 0, 6;
    %cmp/u;
    %jmp/1 T_1.40, 6;
    %dup/vec4;
    %pushi/vec4 41, 0, 6;
    %cmp/u;
    %jmp/1 T_1.41, 6;
    %dup/vec4;
    %pushi/vec4 42, 0, 6;
    %cmp/u;
    %jmp/1 T_1.42, 6;
    %dup/vec4;
    %pushi/vec4 44, 0, 6;
    %cmp/u;
    %jmp/1 T_1.43, 6;
    %dup/vec4;
    %pushi/vec4 45, 0, 6;
    %cmp/u;
    %jmp/1 T_1.44, 6;
    %dup/vec4;
    %pushi/vec4 46, 0, 6;
    %cmp/u;
    %jmp/1 T_1.45, 6;
    %dup/vec4;
    %pushi/vec4 48, 0, 6;
    %cmp/u;
    %jmp/1 T_1.46, 6;
    %pushi/vec4 0, 0, 1;
    %assign/vec4 v0x555fb9e42c70_0, 0;
    %pushi/vec4 0, 0, 1;
    %assign/vec4 v0x555fb9eae630_0, 0;
    %pushi/vec4 0, 0, 32;
    %assign/vec4 v0x555fb9ead890_0, 0;
    %pushi/vec4 0, 0, 1;
    %assign/vec4 v0x555fb9eadb20_0, 0;
    %pushi/vec4 0, 0, 1;
    %assign/vec4 v0x555fb9eae030_0, 0;
    %pushi/vec4 0, 0, 1;
    %assign/vec4 v0x555fb9eae6f0_0, 0;
    %pushi/vec4 0, 0, 1;
    %assign/vec4 v0x555fb9eae1b0_0, 0;
    %pushi/vec4 0, 0, 1;
    %assign/vec4 v0x555fb9eada10_0, 0;
    %pushi/vec4 0, 0, 1;
    %assign/vec4 v0x555fb9ead950_0, 0;
    %pushi/vec4 0, 0, 1;
    %assign/vec4 v0x555fb9eadca0_0, 0;
    %pushi/vec4 0, 0, 1;
    %assign/vec4 v0x555fb9eadbe0_0, 0;
    %pushi/vec4 0, 0, 1;
    %assign/vec4 v0x555fb9eadeb0_0, 0;
    %pushi/vec4 0, 0, 1;
    %assign/vec4 v0x555fb9eadd60_0, 0;
    %pushi/vec4 0, 0, 1;
    %assign/vec4 v0x555fb9eadf70_0, 0;
    %pushi/vec4 0, 0, 1;
    %assign/vec4 v0x555fb9eae0f0_0, 0;
    %pushi/vec4 0, 0, 1;
    %assign/vec4 v0x555fb9eae570_0, 0;
    %pushi/vec4 0, 0, 1;
    %assign/vec4 v0x555fb9eae4b0_0, 0;
    %pushi/vec4 0, 0, 1;
    %assign/vec4 v0x555fb9eae3f0_0, 0;
    %pushi/vec4 0, 0, 1;
    %assign/vec4 v0x555fb9eae330_0, 0;
    %pushi/vec4 0, 0, 1;
    %assign/vec4 v0x555fb9eae270_0, 0;
    %jmp T_1.48;
T_1.0 ;
    %pushi/vec4 0, 0, 1;
    %assign/vec4 v0x555fb9e42c70_0, 0;
    %pushi/vec4 1, 0, 1;
    %assign/vec4 v0x555fb9eae630_0, 0;
    %pushi/vec4 0, 0, 32;
    %assign/vec4 v0x555fb9ead890_0, 0;
    %pushi/vec4 0, 0, 1;
    %assign/vec4 v0x555fb9eadb20_0, 0;
    %pushi/vec4 0, 0, 1;
    %assign/vec4 v0x555fb9eae030_0, 0;
    %pushi/vec4 0, 0, 1;
    %assign/vec4 v0x555fb9eae6f0_0, 0;
    %pushi/vec4 0, 0, 1;
    %assign/vec4 v0x555fb9eae1b0_0, 0;
    %pushi/vec4 0, 0, 1;
    %assign/vec4 v0x555fb9eada10_0, 0;
    %pushi/vec4 0, 0, 1;
    %assign/vec4 v0x555fb9ead950_0, 0;
    %pushi/vec4 1, 0, 1;
    %assign/vec4 v0x555fb9eadca0_0, 0;
    %pushi/vec4 1, 0, 1;
    %assign/vec4 v0x555fb9eadbe0_0, 0;
    %pushi/vec4 0, 0, 1;
    %assign/vec4 v0x555fb9eadeb0_0, 0;
    %pushi/vec4 1, 0, 1;
    %assign/vec4 v0x555fb9eadd60_0, 0;
    %pushi/vec4 1, 0, 1;
    %assign/vec4 v0x555fb9eadf70_0, 0;
    %pushi/vec4 0, 0, 1;
    %assign/vec4 v0x555fb9eae0f0_0, 0;
    %pushi/vec4 0, 0, 1;
    %assign/vec4 v0x555fb9eae570_0, 0;
    %pushi/vec4 1, 0, 1;
    %assign/vec4 v0x555fb9eae4b0_0, 0;
    %pushi/vec4 1, 0, 1;
    %assign/vec4 v0x555fb9eae3f0_0, 0;
    %pushi/vec4 0, 0, 1;
    %assign/vec4 v0x555fb9eae330_0, 0;
    %pushi/vec4 1, 0, 1;
    %assign/vec4 v0x555fb9eae270_0, 0;
    %jmp T_1.48;
T_1.1 ;
    %pushi/vec4 0, 0, 1;
    %assign/vec4 v0x555fb9e42c70_0, 0;
    %pushi/vec4 0, 0, 1;
    %assign/vec4 v0x555fb9eae630_0, 0;
    %pushi/vec4 0, 0, 32;
    %assign/vec4 v0x555fb9ead890_0, 0;
    %pushi/vec4 0, 0, 1;
    %assign/vec4 v0x555fb9eadb20_0, 0;
    %pushi/vec4 1, 0, 1;
    %assign/vec4 v0x555fb9eae030_0, 0;
    %pushi/vec4 0, 0, 1;
    %assign/vec4 v0x555fb9eae6f0_0, 0;
    %pushi/vec4 0, 0, 1;
    %assign/vec4 v0x555fb9eae1b0_0, 0;
    %pushi/vec4 1, 0, 1;
    %assign/vec4 v0x555fb9eada10_0, 0;
    %pushi/vec4 0, 0, 1;
    %assign/vec4 v0x555fb9ead950_0, 0;
    %pushi/vec4 0, 0, 1;
    %assign/vec4 v0x555fb9eadca0_0, 0;
    %pushi/vec4 0, 0, 1;
    %assign/vec4 v0x555fb9eadbe0_0, 0;
    %pushi/vec4 0, 0, 1;
    %assign/vec4 v0x555fb9eadeb0_0, 0;
    %pushi/vec4 0, 0, 1;
    %assign/vec4 v0x555fb9eadd60_0, 0;
    %pushi/vec4 1, 0, 1;
    %assign/vec4 v0x555fb9eadf70_0, 0;
    %pushi/vec4 0, 0, 1;
    %assign/vec4 v0x555fb9eae0f0_0, 0;
    %pushi/vec4 1, 0, 1;
    %assign/vec4 v0x555fb9eae570_0, 0;
    %pushi/vec4 0, 0, 1;
    %assign/vec4 v0x555fb9eae4b0_0, 0;
    %pushi/vec4 0, 0, 1;
    %assign/vec4 v0x555fb9eae3f0_0, 0;
    %pushi/vec4 0, 0, 1;
    %assign/vec4 v0x555fb9eae330_0, 0;
    %pushi/vec4 0, 0, 1;
    %assign/vec4 v0x555fb9eae270_0, 0;
    %jmp T_1.48;
T_1.2 ;
    %pushi/vec4 0, 0, 1;
    %assign/vec4 v0x555fb9e42c70_0, 0;
    %pushi/vec4 1, 0, 1;
    %assign/vec4 v0x555fb9eae630_0, 0;
    %pushi/vec4 0, 0, 32;
    %assign/vec4 v0x555fb9ead890_0, 0;
    %pushi/vec4 0, 0, 1;
    %assign/vec4 v0x555fb9eadb20_0, 0;
    %pushi/vec4 0, 0, 1;
    %assign/vec4 v0x555fb9eae030_0, 0;
    %pushi/vec4 1, 0, 1;
    %assign/vec4 v0x555fb9eae6f0_0, 0;
    %pushi/vec4 1, 0, 1;
    %assign/vec4 v0x555fb9eae1b0_0, 0;
    %pushi/vec4 1, 0, 1;
    %assign/vec4 v0x555fb9eada10_0, 0;
    %pushi/vec4 0, 0, 1;
    %assign/vec4 v0x555fb9ead950_0, 0;
    %pushi/vec4 0, 0, 1;
    %assign/vec4 v0x555fb9eadca0_0, 0;
    %pushi/vec4 0, 0, 1;
    %assign/vec4 v0x555fb9eadbe0_0, 0;
    %pushi/vec4 0, 0, 1;
    %assign/vec4 v0x555fb9eadeb0_0, 0;
    %pushi/vec4 1, 0, 1;
    %assign/vec4 v0x555fb9eadd60_0, 0;
    %pushi/vec4 1, 0, 1;
    %assign/vec4 v0x555fb9eadf70_0, 0;
    %pushi/vec4 0, 0, 1;
    %assign/vec4 v0x555fb9eae0f0_0, 0;
    %pushi/vec4 1, 0, 1;
    %assign/vec4 v0x555fb9eae570_0, 0;
    %pushi/vec4 0, 0, 1;
    %assign/vec4 v0x555fb9eae4b0_0, 0;
    %pushi/vec4 0, 0, 1;
    %assign/vec4 v0x555fb9eae3f0_0, 0;
    %pushi/vec4 0, 0, 1;
    %assign/vec4 v0x555fb9eae330_0, 0;
    %pushi/vec4 1, 0, 1;
    %assign/vec4 v0x555fb9eae270_0, 0;
    %jmp T_1.48;
T_1.3 ;
    %pushi/vec4 0, 0, 1;
    %assign/vec4 v0x555fb9e42c70_0, 0;
    %pushi/vec4 0, 0, 1;
    %assign/vec4 v0x555fb9eae630_0, 0;
    %pushi/vec4 1, 0, 32;
    %assign/vec4 v0x555fb9ead890_0, 0;
    %pushi/vec4 0, 0, 1;
    %assign/vec4 v0x555fb9eadb20_0, 0;
    %pushi/vec4 0, 0, 1;
    %assign/vec4 v0x555fb9eae030_0, 0;
    %pushi/vec4 1, 0, 1;
    %assign/vec4 v0x555fb9eae6f0_0, 0;
    %pushi/vec4 1, 0, 1;
    %assign/vec4 v0x555fb9eae1b0_0, 0;
    %pushi/vec4 0, 0, 1;
    %assign/vec4 v0x555fb9eada10_0, 0;
    %pushi/vec4 0, 0, 1;
    %assign/vec4 v0x555fb9ead950_0, 0;
    %pushi/vec4 0, 0, 1;
    %assign/vec4 v0x555fb9eadca0_0, 0;
    %pushi/vec4 0, 0, 1;
    %assign/vec4 v0x555fb9eadbe0_0, 0;
    %pushi/vec4 0, 0, 1;
    %assign/vec4 v0x555fb9eadeb0_0, 0;
    %pushi/vec4 0, 0, 1;
    %assign/vec4 v0x555fb9eadd60_0, 0;
    %pushi/vec4 0, 0, 1;
    %assign/vec4 v0x555fb9eadf70_0, 0;
    %pushi/vec4 0, 0, 1;
    %assign/vec4 v0x555fb9eae0f0_0, 0;
    %pushi/vec4 0, 0, 1;
    %assign/vec4 v0x555fb9eae570_0, 0;
    %pushi/vec4 0, 0, 1;
    %assign/vec4 v0x555fb9eae4b0_0, 0;
    %pushi/vec4 0, 0, 1;
    %assign/vec4 v0x555fb9eae3f0_0, 0;
    %pushi/vec4 0, 0, 1;
    %assign/vec4 v0x555fb9eae330_0, 0;
    %pushi/vec4 0, 0, 1;
    %assign/vec4 v0x555fb9eae270_0, 0;
    %jmp T_1.48;
T_1.4 ;
    %pushi/vec4 0, 0, 1;
    %assign/vec4 v0x555fb9e42c70_0, 0;
    %pushi/vec4 0, 0, 1;
    %assign/vec4 v0x555fb9eae630_0, 0;
    %pushi/vec4 0, 0, 32;
    %assign/vec4 v0x555fb9ead890_0, 0;
    %pushi/vec4 0, 0, 1;
    %assign/vec4 v0x555fb9eadb20_0, 0;
    %pushi/vec4 0, 0, 1;
    %assign/vec4 v0x555fb9eae030_0, 0;
    %pushi/vec4 0, 0, 1;
    %assign/vec4 v0x555fb9eae6f0_0, 0;
    %pushi/vec4 0, 0, 1;
    %assign/vec4 v0x555fb9eae1b0_0, 0;
    %pushi/vec4 0, 0, 1;
    %assign/vec4 v0x555fb9eada10_0, 0;
    %pushi/vec4 0, 0, 1;
    %assign/vec4 v0x555fb9ead950_0, 0;
    %pushi/vec4 0, 0, 1;
    %assign/vec4 v0x555fb9eadca0_0, 0;
    %pushi/vec4 0, 0, 1;
    %assign/vec4 v0x555fb9eadbe0_0, 0;
    %pushi/vec4 0, 0, 1;
    %assign/vec4 v0x555fb9eadeb0_0, 0;
    %pushi/vec4 0, 0, 1;
    %assign/vec4 v0x555fb9eadd60_0, 0;
    %pushi/vec4 0, 0, 1;
    %assign/vec4 v0x555fb9eadf70_0, 0;
    %pushi/vec4 0, 0, 1;
    %assign/vec4 v0x555fb9eae0f0_0, 0;
    %pushi/vec4 0, 0, 1;
    %assign/vec4 v0x555fb9eae570_0, 0;
    %pushi/vec4 0, 0, 1;
    %assign/vec4 v0x555fb9eae4b0_0, 0;
    %pushi/vec4 0, 0, 1;
    %assign/vec4 v0x555fb9eae3f0_0, 0;
    %pushi/vec4 0, 0, 1;
    %assign/vec4 v0x555fb9eae330_0, 0;
    %pushi/vec4 0, 0, 1;
    %assign/vec4 v0x555fb9eae270_0, 0;
    %jmp T_1.48;
T_1.5 ;
    %pushi/vec4 0, 0, 1;
    %assign/vec4 v0x555fb9e42c70_0, 0;
    %pushi/vec4 1, 0, 1;
    %assign/vec4 v0x555fb9eae630_0, 0;
    %pushi/vec4 0, 0, 32;
    %assign/vec4 v0x555fb9ead890_0, 0;
    %pushi/vec4 0, 0, 1;
    %assign/vec4 v0x555fb9eadb20_0, 0;
    %pushi/vec4 0, 0, 1;
    %assign/vec4 v0x555fb9eae030_0, 0;
    %pushi/vec4 0, 0, 1;
    %assign/vec4 v0x555fb9eae6f0_0, 0;
    %pushi/vec4 0, 0, 1;
    %assign/vec4 v0x555fb9eae1b0_0, 0;
    %pushi/vec4 0, 0, 1;
    %assign/vec4 v0x555fb9eada10_0, 0;
    %pushi/vec4 0, 0, 1;
    %assign/vec4 v0x555fb9ead950_0, 0;
    %pushi/vec4 0, 0, 1;
    %assign/vec4 v0x555fb9eadca0_0, 0;
    %pushi/vec4 1, 0, 1;
    %assign/vec4 v0x555fb9eadbe0_0, 0;
    %pushi/vec4 0, 0, 1;
    %assign/vec4 v0x555fb9eadeb0_0, 0;
    %pushi/vec4 0, 0, 1;
    %assign/vec4 v0x555fb9eadd60_0, 0;
    %pushi/vec4 0, 0, 1;
    %assign/vec4 v0x555fb9eadf70_0, 0;
    %pushi/vec4 0, 0, 1;
    %assign/vec4 v0x555fb9eae0f0_0, 0;
    %pushi/vec4 0, 0, 1;
    %assign/vec4 v0x555fb9eae570_0, 0;
    %pushi/vec4 0, 0, 1;
    %assign/vec4 v0x555fb9eae4b0_0, 0;
    %pushi/vec4 0, 0, 1;
    %assign/vec4 v0x555fb9eae3f0_0, 0;
    %pushi/vec4 0, 0, 1;
    %assign/vec4 v0x555fb9eae330_0, 0;
    %pushi/vec4 0, 0, 1;
    %assign/vec4 v0x555fb9eae270_0, 0;
    %jmp T_1.48;
T_1.6 ;
    %pushi/vec4 0, 0, 1;
    %assign/vec4 v0x555fb9e42c70_0, 0;
    %pushi/vec4 1, 0, 1;
    %assign/vec4 v0x555fb9eae630_0, 0;
    %pushi/vec4 0, 0, 32;
    %assign/vec4 v0x555fb9ead890_0, 0;
    %pushi/vec4 0, 0, 1;
    %assign/vec4 v0x555fb9eadb20_0, 0;
    %pushi/vec4 0, 0, 1;
    %assign/vec4 v0x555fb9eae030_0, 0;
    %pushi/vec4 0, 0, 1;
    %assign/vec4 v0x555fb9eae6f0_0, 0;
    %pushi/vec4 0, 0, 1;
    %assign/vec4 v0x555fb9eae1b0_0, 0;
    %pushi/vec4 0, 0, 1;
    %assign/vec4 v0x555fb9eada10_0, 0;
    %pushi/vec4 0, 0, 1;
    %assign/vec4 v0x555fb9ead950_0, 0;
    %pushi/vec4 0, 0, 1;
    %assign/vec4 v0x555fb9eadca0_0, 0;
    %pushi/vec4 0, 0, 1;
    %assign/vec4 v0x555fb9eadbe0_0, 0;
    %pushi/vec4 0, 0, 1;
    %assign/vec4 v0x555fb9eadeb0_0, 0;
    %pushi/vec4 0, 0, 1;
    %assign/vec4 v0x555fb9eadd60_0, 0;
    %pushi/vec4 0, 0, 1;
    %assign/vec4 v0x555fb9eadf70_0, 0;
    %pushi/vec4 0, 0, 1;
    %assign/vec4 v0x555fb9eae0f0_0, 0;
    %pushi/vec4 0, 0, 1;
    %assign/vec4 v0x555fb9eae570_0, 0;
    %pushi/vec4 0, 0, 1;
    %assign/vec4 v0x555fb9eae4b0_0, 0;
    %pushi/vec4 0, 0, 1;
    %assign/vec4 v0x555fb9eae3f0_0, 0;
    %pushi/vec4 0, 0, 1;
    %assign/vec4 v0x555fb9eae330_0, 0;
    %pushi/vec4 0, 0, 1;
    %assign/vec4 v0x555fb9eae270_0, 0;
    %jmp T_1.48;
T_1.7 ;
    %pushi/vec4 0, 0, 1;
    %assign/vec4 v0x555fb9e42c70_0, 0;
    %pushi/vec4 1, 0, 1;
    %assign/vec4 v0x555fb9eae630_0, 0;
    %pushi/vec4 0, 0, 32;
    %assign/vec4 v0x555fb9ead890_0, 0;
    %pushi/vec4 0, 0, 1;
    %assign/vec4 v0x555fb9eadb20_0, 0;
    %pushi/vec4 0, 0, 1;
    %assign/vec4 v0x555fb9eae030_0, 0;
    %pushi/vec4 0, 0, 1;
    %assign/vec4 v0x555fb9eae6f0_0, 0;
    %pushi/vec4 0, 0, 1;
    %assign/vec4 v0x555fb9eae1b0_0, 0;
    %pushi/vec4 0, 0, 1;
    %assign/vec4 v0x555fb9eada10_0, 0;
    %pushi/vec4 0, 0, 1;
    %assign/vec4 v0x555fb9ead950_0, 0;
    %pushi/vec4 0, 0, 1;
    %assign/vec4 v0x555fb9eadca0_0, 0;
    %pushi/vec4 1, 0, 1;
    %assign/vec4 v0x555fb9eadbe0_0, 0;
    %pushi/vec4 0, 0, 1;
    %assign/vec4 v0x555fb9eadeb0_0, 0;
    %pushi/vec4 0, 0, 1;
    %assign/vec4 v0x555fb9eadd60_0, 0;
    %pushi/vec4 0, 0, 1;
    %assign/vec4 v0x555fb9eadf70_0, 0;
    %pushi/vec4 0, 0, 1;
    %assign/vec4 v0x555fb9eae0f0_0, 0;
    %pushi/vec4 0, 0, 1;
    %assign/vec4 v0x555fb9eae570_0, 0;
    %pushi/vec4 0, 0, 1;
    %assign/vec4 v0x555fb9eae4b0_0, 0;
    %pushi/vec4 0, 0, 1;
    %assign/vec4 v0x555fb9eae3f0_0, 0;
    %pushi/vec4 0, 0, 1;
    %assign/vec4 v0x555fb9eae330_0, 0;
    %pushi/vec4 0, 0, 1;
    %assign/vec4 v0x555fb9eae270_0, 0;
    %jmp T_1.48;
T_1.8 ;
    %pushi/vec4 0, 0, 1;
    %assign/vec4 v0x555fb9e42c70_0, 0;
    %pushi/vec4 0, 0, 1;
    %assign/vec4 v0x555fb9eae630_0, 0;
    %pushi/vec4 0, 0, 32;
    %assign/vec4 v0x555fb9ead890_0, 0;
    %pushi/vec4 0, 0, 1;
    %assign/vec4 v0x555fb9eadb20_0, 0;
    %pushi/vec4 1, 0, 1;
    %assign/vec4 v0x555fb9eae030_0, 0;
    %pushi/vec4 0, 0, 1;
    %assign/vec4 v0x555fb9eae6f0_0, 0;
    %pushi/vec4 0, 0, 1;
    %assign/vec4 v0x555fb9eae1b0_0, 0;
    %pushi/vec4 0, 0, 1;
    %assign/vec4 v0x555fb9eada10_0, 0;
    %pushi/vec4 0, 0, 1;
    %assign/vec4 v0x555fb9ead950_0, 0;
    %pushi/vec4 0, 0, 1;
    %assign/vec4 v0x555fb9eadca0_0, 0;
    %pushi/vec4 1, 0, 1;
    %assign/vec4 v0x555fb9eadbe0_0, 0;
    %pushi/vec4 0, 0, 1;
    %assign/vec4 v0x555fb9eadeb0_0, 0;
    %pushi/vec4 0, 0, 1;
    %assign/vec4 v0x555fb9eadd60_0, 0;
    %pushi/vec4 1, 0, 1;
    %assign/vec4 v0x555fb9eadf70_0, 0;
    %pushi/vec4 0, 0, 1;
    %assign/vec4 v0x555fb9eae0f0_0, 0;
    %pushi/vec4 0, 0, 1;
    %assign/vec4 v0x555fb9eae570_0, 0;
    %pushi/vec4 0, 0, 1;
    %assign/vec4 v0x555fb9eae4b0_0, 0;
    %pushi/vec4 1, 0, 1;
    %assign/vec4 v0x555fb9eae3f0_0, 0;
    %pushi/vec4 0, 0, 1;
    %assign/vec4 v0x555fb9eae330_0, 0;
    %pushi/vec4 0, 0, 1;
    %assign/vec4 v0x555fb9eae270_0, 0;
    %jmp T_1.48;
T_1.9 ;
    %pushi/vec4 0, 0, 1;
    %assign/vec4 v0x555fb9e42c70_0, 0;
    %pushi/vec4 0, 0, 1;
    %assign/vec4 v0x555fb9eae630_0, 0;
    %pushi/vec4 0, 0, 32;
    %assign/vec4 v0x555fb9ead890_0, 0;
    %pushi/vec4 0, 0, 1;
    %assign/vec4 v0x555fb9eadb20_0, 0;
    %pushi/vec4 1, 0, 1;
    %assign/vec4 v0x555fb9eae030_0, 0;
    %pushi/vec4 0, 0, 1;
    %assign/vec4 v0x555fb9eae6f0_0, 0;
    %pushi/vec4 0, 0, 1;
    %assign/vec4 v0x555fb9eae1b0_0, 0;
    %pushi/vec4 0, 0, 1;
    %assign/vec4 v0x555fb9eada10_0, 0;
    %pushi/vec4 0, 0, 1;
    %assign/vec4 v0x555fb9ead950_0, 0;
    %pushi/vec4 0, 0, 1;
    %assign/vec4 v0x555fb9eadca0_0, 0;
    %pushi/vec4 0, 0, 1;
    %assign/vec4 v0x555fb9eadbe0_0, 0;
    %pushi/vec4 0, 0, 1;
    %assign/vec4 v0x555fb9eadeb0_0, 0;
    %pushi/vec4 0, 0, 1;
    %assign/vec4 v0x555fb9eadd60_0, 0;
    %pushi/vec4 1, 0, 1;
    %assign/vec4 v0x555fb9eadf70_0, 0;
    %pushi/vec4 0, 0, 1;
    %assign/vec4 v0x555fb9eae0f0_0, 0;
    %pushi/vec4 1, 0, 1;
    %assign/vec4 v0x555fb9eae570_0, 0;
    %pushi/vec4 0, 0, 1;
    %assign/vec4 v0x555fb9eae4b0_0, 0;
    %pushi/vec4 0, 0, 1;
    %assign/vec4 v0x555fb9eae3f0_0, 0;
    %pushi/vec4 0, 0, 1;
    %assign/vec4 v0x555fb9eae330_0, 0;
    %pushi/vec4 0, 0, 1;
    %assign/vec4 v0x555fb9eae270_0, 0;
    %jmp T_1.48;
T_1.10 ;
    %pushi/vec4 0, 0, 1;
    %assign/vec4 v0x555fb9e42c70_0, 0;
    %pushi/vec4 0, 0, 1;
    %assign/vec4 v0x555fb9eae630_0, 0;
    %pushi/vec4 0, 0, 32;
    %assign/vec4 v0x555fb9ead890_0, 0;
    %pushi/vec4 0, 0, 1;
    %assign/vec4 v0x555fb9eadb20_0, 0;
    %pushi/vec4 1, 0, 1;
    %assign/vec4 v0x555fb9eae030_0, 0;
    %pushi/vec4 0, 0, 1;
    %assign/vec4 v0x555fb9eae6f0_0, 0;
    %pushi/vec4 0, 0, 1;
    %assign/vec4 v0x555fb9eae1b0_0, 0;
    %pushi/vec4 0, 0, 1;
    %assign/vec4 v0x555fb9eada10_0, 0;
    %pushi/vec4 0, 0, 1;
    %assign/vec4 v0x555fb9ead950_0, 0;
    %pushi/vec4 0, 0, 1;
    %assign/vec4 v0x555fb9eadca0_0, 0;
    %pushi/vec4 1, 0, 1;
    %assign/vec4 v0x555fb9eadbe0_0, 0;
    %pushi/vec4 0, 0, 1;
    %assign/vec4 v0x555fb9eadeb0_0, 0;
    %pushi/vec4 0, 0, 1;
    %assign/vec4 v0x555fb9eadd60_0, 0;
    %pushi/vec4 1, 0, 1;
    %assign/vec4 v0x555fb9eadf70_0, 0;
    %pushi/vec4 0, 0, 1;
    %assign/vec4 v0x555fb9eae0f0_0, 0;
    %pushi/vec4 0, 0, 1;
    %assign/vec4 v0x555fb9eae570_0, 0;
    %pushi/vec4 0, 0, 1;
    %assign/vec4 v0x555fb9eae4b0_0, 0;
    %pushi/vec4 1, 0, 1;
    %assign/vec4 v0x555fb9eae3f0_0, 0;
    %pushi/vec4 0, 0, 1;
    %assign/vec4 v0x555fb9eae330_0, 0;
    %pushi/vec4 0, 0, 1;
    %assign/vec4 v0x555fb9eae270_0, 0;
    %jmp T_1.48;
T_1.11 ;
    %pushi/vec4 0, 0, 1;
    %assign/vec4 v0x555fb9e42c70_0, 0;
    %pushi/vec4 0, 0, 1;
    %assign/vec4 v0x555fb9eae630_0, 0;
    %pushi/vec4 0, 0, 32;
    %assign/vec4 v0x555fb9ead890_0, 0;
    %pushi/vec4 0, 0, 1;
    %assign/vec4 v0x555fb9eadb20_0, 0;
    %pushi/vec4 1, 0, 1;
    %assign/vec4 v0x555fb9eae030_0, 0;
    %pushi/vec4 0, 0, 1;
    %assign/vec4 v0x555fb9eae6f0_0, 0;
    %pushi/vec4 0, 0, 1;
    %assign/vec4 v0x555fb9eae1b0_0, 0;
    %pushi/vec4 0, 0, 1;
    %assign/vec4 v0x555fb9eada10_0, 0;
    %pushi/vec4 0, 0, 1;
    %assign/vec4 v0x555fb9ead950_0, 0;
    %pushi/vec4 0, 0, 1;
    %assign/vec4 v0x555fb9eadca0_0, 0;
    %pushi/vec4 0, 0, 1;
    %assign/vec4 v0x555fb9eadbe0_0, 0;
    %pushi/vec4 0, 0, 1;
    %assign/vec4 v0x555fb9eadeb0_0, 0;
    %pushi/vec4 0, 0, 1;
    %assign/vec4 v0x555fb9eadd60_0, 0;
    %pushi/vec4 1, 0, 1;
    %assign/vec4 v0x555fb9eadf70_0, 0;
    %pushi/vec4 0, 0, 1;
    %assign/vec4 v0x555fb9eae0f0_0, 0;
    %pushi/vec4 0, 0, 1;
    %assign/vec4 v0x555fb9eae570_0, 0;
    %pushi/vec4 0, 0, 1;
    %assign/vec4 v0x555fb9eae4b0_0, 0;
    %pushi/vec4 1, 0, 1;
    %assign/vec4 v0x555fb9eae3f0_0, 0;
    %pushi/vec4 0, 0, 1;
    %assign/vec4 v0x555fb9eae330_0, 0;
    %pushi/vec4 0, 0, 1;
    %assign/vec4 v0x555fb9eae270_0, 0;
    %jmp T_1.48;
T_1.12 ;
    %pushi/vec4 0, 0, 1;
    %assign/vec4 v0x555fb9e42c70_0, 0;
    %pushi/vec4 0, 0, 1;
    %assign/vec4 v0x555fb9eae630_0, 0;
    %pushi/vec4 0, 0, 32;
    %assign/vec4 v0x555fb9ead890_0, 0;
    %pushi/vec4 0, 0, 1;
    %assign/vec4 v0x555fb9eadb20_0, 0;
    %pushi/vec4 1, 0, 1;
    %assign/vec4 v0x555fb9eae030_0, 0;
    %pushi/vec4 0, 0, 1;
    %assign/vec4 v0x555fb9eae6f0_0, 0;
    %pushi/vec4 0, 0, 1;
    %assign/vec4 v0x555fb9eae1b0_0, 0;
    %pushi/vec4 0, 0, 1;
    %assign/vec4 v0x555fb9eada10_0, 0;
    %pushi/vec4 0, 0, 1;
    %assign/vec4 v0x555fb9ead950_0, 0;
    %pushi/vec4 0, 0, 1;
    %assign/vec4 v0x555fb9eadca0_0, 0;
    %pushi/vec4 0, 0, 1;
    %assign/vec4 v0x555fb9eadbe0_0, 0;
    %pushi/vec4 0, 0, 1;
    %assign/vec4 v0x555fb9eadeb0_0, 0;
    %pushi/vec4 0, 0, 1;
    %assign/vec4 v0x555fb9eadd60_0, 0;
    %pushi/vec4 1, 0, 1;
    %assign/vec4 v0x555fb9eadf70_0, 0;
    %pushi/vec4 0, 0, 1;
    %assign/vec4 v0x555fb9eae0f0_0, 0;
    %pushi/vec4 0, 0, 1;
    %assign/vec4 v0x555fb9eae570_0, 0;
    %pushi/vec4 0, 0, 1;
    %assign/vec4 v0x555fb9eae4b0_0, 0;
    %pushi/vec4 1, 0, 1;
    %assign/vec4 v0x555fb9eae3f0_0, 0;
    %pushi/vec4 0, 0, 1;
    %assign/vec4 v0x555fb9eae330_0, 0;
    %pushi/vec4 0, 0, 1;
    %assign/vec4 v0x555fb9eae270_0, 0;
    %jmp T_1.48;
T_1.13 ;
    %pushi/vec4 0, 0, 1;
    %assign/vec4 v0x555fb9e42c70_0, 0;
    %pushi/vec4 0, 0, 1;
    %assign/vec4 v0x555fb9eae630_0, 0;
    %pushi/vec4 0, 0, 32;
    %assign/vec4 v0x555fb9ead890_0, 0;
    %pushi/vec4 0, 0, 1;
    %assign/vec4 v0x555fb9eadb20_0, 0;
    %pushi/vec4 1, 0, 1;
    %assign/vec4 v0x555fb9eae030_0, 0;
    %pushi/vec4 0, 0, 1;
    %assign/vec4 v0x555fb9eae6f0_0, 0;
    %pushi/vec4 0, 0, 1;
    %assign/vec4 v0x555fb9eae1b0_0, 0;
    %pushi/vec4 0, 0, 1;
    %assign/vec4 v0x555fb9eada10_0, 0;
    %pushi/vec4 0, 0, 1;
    %assign/vec4 v0x555fb9ead950_0, 0;
    %pushi/vec4 0, 0, 1;
    %assign/vec4 v0x555fb9eadca0_0, 0;
    %pushi/vec4 0, 0, 1;
    %assign/vec4 v0x555fb9eadbe0_0, 0;
    %pushi/vec4 0, 0, 1;
    %assign/vec4 v0x555fb9eadeb0_0, 0;
    %pushi/vec4 0, 0, 1;
    %assign/vec4 v0x555fb9eadd60_0, 0;
    %pushi/vec4 1, 0, 1;
    %assign/vec4 v0x555fb9eadf70_0, 0;
    %pushi/vec4 0, 0, 1;
    %assign/vec4 v0x555fb9eae0f0_0, 0;
    %pushi/vec4 0, 0, 1;
    %assign/vec4 v0x555fb9eae570_0, 0;
    %pushi/vec4 0, 0, 1;
    %assign/vec4 v0x555fb9eae4b0_0, 0;
    %pushi/vec4 1, 0, 1;
    %assign/vec4 v0x555fb9eae3f0_0, 0;
    %pushi/vec4 0, 0, 1;
    %assign/vec4 v0x555fb9eae330_0, 0;
    %pushi/vec4 0, 0, 1;
    %assign/vec4 v0x555fb9eae270_0, 0;
    %jmp T_1.48;
T_1.14 ;
    %pushi/vec4 0, 0, 1;
    %assign/vec4 v0x555fb9e42c70_0, 0;
    %pushi/vec4 0, 0, 1;
    %assign/vec4 v0x555fb9eae630_0, 0;
    %pushi/vec4 0, 0, 32;
    %assign/vec4 v0x555fb9ead890_0, 0;
    %pushi/vec4 0, 0, 1;
    %assign/vec4 v0x555fb9eadb20_0, 0;
    %pushi/vec4 1, 0, 1;
    %assign/vec4 v0x555fb9eae030_0, 0;
    %pushi/vec4 0, 0, 1;
    %assign/vec4 v0x555fb9eae6f0_0, 0;
    %pushi/vec4 0, 0, 1;
    %assign/vec4 v0x555fb9eae1b0_0, 0;
    %pushi/vec4 0, 0, 1;
    %assign/vec4 v0x555fb9eada10_0, 0;
    %pushi/vec4 0, 0, 1;
    %assign/vec4 v0x555fb9ead950_0, 0;
    %pushi/vec4 0, 0, 1;
    %assign/vec4 v0x555fb9eadca0_0, 0;
    %pushi/vec4 1, 0, 1;
    %assign/vec4 v0x555fb9eadbe0_0, 0;
    %pushi/vec4 0, 0, 1;
    %assign/vec4 v0x555fb9eadeb0_0, 0;
    %pushi/vec4 0, 0, 1;
    %assign/vec4 v0x555fb9eadd60_0, 0;
    %pushi/vec4 1, 0, 1;
    %assign/vec4 v0x555fb9eadf70_0, 0;
    %pushi/vec4 0, 0, 1;
    %assign/vec4 v0x555fb9eae0f0_0, 0;
    %pushi/vec4 0, 0, 1;
    %assign/vec4 v0x555fb9eae570_0, 0;
    %pushi/vec4 0, 0, 1;
    %assign/vec4 v0x555fb9eae4b0_0, 0;
    %pushi/vec4 1, 0, 1;
    %assign/vec4 v0x555fb9eae3f0_0, 0;
    %pushi/vec4 0, 0, 1;
    %assign/vec4 v0x555fb9eae330_0, 0;
    %pushi/vec4 0, 0, 1;
    %assign/vec4 v0x555fb9eae270_0, 0;
    %jmp T_1.48;
T_1.15 ;
    %pushi/vec4 0, 0, 1;
    %assign/vec4 v0x555fb9e42c70_0, 0;
    %pushi/vec4 0, 0, 1;
    %assign/vec4 v0x555fb9eae630_0, 0;
    %pushi/vec4 0, 0, 32;
    %assign/vec4 v0x555fb9ead890_0, 0;
    %pushi/vec4 0, 0, 1;
    %assign/vec4 v0x555fb9eadb20_0, 0;
    %pushi/vec4 1, 0, 1;
    %assign/vec4 v0x555fb9eae030_0, 0;
    %pushi/vec4 0, 0, 1;
    %assign/vec4 v0x555fb9eae6f0_0, 0;
    %pushi/vec4 0, 0, 1;
    %assign/vec4 v0x555fb9eae1b0_0, 0;
    %pushi/vec4 0, 0, 1;
    %assign/vec4 v0x555fb9eada10_0, 0;
    %pushi/vec4 0, 0, 1;
    %assign/vec4 v0x555fb9ead950_0, 0;
    %pushi/vec4 0, 0, 1;
    %assign/vec4 v0x555fb9eadca0_0, 0;
    %pushi/vec4 0, 0, 1;
    %assign/vec4 v0x555fb9eadbe0_0, 0;
    %pushi/vec4 0, 0, 1;
    %assign/vec4 v0x555fb9eadeb0_0, 0;
    %pushi/vec4 0, 0, 1;
    %assign/vec4 v0x555fb9eadd60_0, 0;
    %pushi/vec4 1, 0, 1;
    %assign/vec4 v0x555fb9eadf70_0, 0;
    %pushi/vec4 0, 0, 1;
    %assign/vec4 v0x555fb9eae0f0_0, 0;
    %pushi/vec4 0, 0, 1;
    %assign/vec4 v0x555fb9eae570_0, 0;
    %pushi/vec4 0, 0, 1;
    %assign/vec4 v0x555fb9eae4b0_0, 0;
    %pushi/vec4 1, 0, 1;
    %assign/vec4 v0x555fb9eae3f0_0, 0;
    %pushi/vec4 0, 0, 1;
    %assign/vec4 v0x555fb9eae330_0, 0;
    %pushi/vec4 0, 0, 1;
    %assign/vec4 v0x555fb9eae270_0, 0;
    %jmp T_1.48;
T_1.16 ;
    %pushi/vec4 0, 0, 1;
    %assign/vec4 v0x555fb9e42c70_0, 0;
    %pushi/vec4 0, 0, 1;
    %assign/vec4 v0x555fb9eae630_0, 0;
    %pushi/vec4 0, 0, 32;
    %assign/vec4 v0x555fb9ead890_0, 0;
    %pushi/vec4 0, 0, 1;
    %assign/vec4 v0x555fb9eadb20_0, 0;
    %pushi/vec4 1, 0, 1;
    %assign/vec4 v0x555fb9eae030_0, 0;
    %pushi/vec4 0, 0, 1;
    %assign/vec4 v0x555fb9eae6f0_0, 0;
    %pushi/vec4 0, 0, 1;
    %assign/vec4 v0x555fb9eae1b0_0, 0;
    %pushi/vec4 0, 0, 1;
    %assign/vec4 v0x555fb9eada10_0, 0;
    %pushi/vec4 0, 0, 1;
    %assign/vec4 v0x555fb9ead950_0, 0;
    %pushi/vec4 0, 0, 1;
    %assign/vec4 v0x555fb9eadca0_0, 0;
    %pushi/vec4 1, 0, 1;
    %assign/vec4 v0x555fb9eadbe0_0, 0;
    %pushi/vec4 0, 0, 1;
    %assign/vec4 v0x555fb9eadeb0_0, 0;
    %pushi/vec4 0, 0, 1;
    %assign/vec4 v0x555fb9eadd60_0, 0;
    %pushi/vec4 1, 0, 1;
    %assign/vec4 v0x555fb9eadf70_0, 0;
    %pushi/vec4 0, 0, 1;
    %assign/vec4 v0x555fb9eae0f0_0, 0;
    %pushi/vec4 0, 0, 1;
    %assign/vec4 v0x555fb9eae570_0, 0;
    %pushi/vec4 0, 0, 1;
    %assign/vec4 v0x555fb9eae4b0_0, 0;
    %pushi/vec4 1, 0, 1;
    %assign/vec4 v0x555fb9eae3f0_0, 0;
    %pushi/vec4 0, 0, 1;
    %assign/vec4 v0x555fb9eae330_0, 0;
    %pushi/vec4 0, 0, 1;
    %assign/vec4 v0x555fb9eae270_0, 0;
    %jmp T_1.48;
T_1.17 ;
    %pushi/vec4 0, 0, 1;
    %assign/vec4 v0x555fb9e42c70_0, 0;
    %pushi/vec4 0, 0, 1;
    %assign/vec4 v0x555fb9eae630_0, 0;
    %pushi/vec4 0, 0, 32;
    %assign/vec4 v0x555fb9ead890_0, 0;
    %pushi/vec4 0, 0, 1;
    %assign/vec4 v0x555fb9eadb20_0, 0;
    %pushi/vec4 0, 0, 1;
    %assign/vec4 v0x555fb9eae030_0, 0;
    %pushi/vec4 1, 0, 1;
    %assign/vec4 v0x555fb9eae6f0_0, 0;
    %pushi/vec4 1, 0, 1;
    %assign/vec4 v0x555fb9eae1b0_0, 0;
    %pushi/vec4 0, 0, 1;
    %assign/vec4 v0x555fb9eada10_0, 0;
    %pushi/vec4 0, 0, 1;
    %assign/vec4 v0x555fb9ead950_0, 0;
    %pushi/vec4 0, 0, 1;
    %assign/vec4 v0x555fb9eadca0_0, 0;
    %pushi/vec4 0, 0, 1;
    %assign/vec4 v0x555fb9eadbe0_0, 0;
    %pushi/vec4 0, 0, 1;
    %assign/vec4 v0x555fb9eadeb0_0, 0;
    %pushi/vec4 0, 0, 1;
    %assign/vec4 v0x555fb9eadd60_0, 0;
    %pushi/vec4 0, 0, 1;
    %assign/vec4 v0x555fb9eadf70_0, 0;
    %pushi/vec4 0, 0, 1;
    %assign/vec4 v0x555fb9eae0f0_0, 0;
    %pushi/vec4 0, 0, 1;
    %assign/vec4 v0x555fb9eae570_0, 0;
    %pushi/vec4 0, 0, 1;
    %assign/vec4 v0x555fb9eae4b0_0, 0;
    %pushi/vec4 0, 0, 1;
    %assign/vec4 v0x555fb9eae3f0_0, 0;
    %pushi/vec4 0, 0, 1;
    %assign/vec4 v0x555fb9eae330_0, 0;
    %pushi/vec4 0, 0, 1;
    %assign/vec4 v0x555fb9eae270_0, 0;
    %jmp T_1.48;
T_1.18 ;
    %pushi/vec4 0, 0, 1;
    %assign/vec4 v0x555fb9e42c70_0, 0;
    %pushi/vec4 0, 0, 1;
    %assign/vec4 v0x555fb9eae630_0, 0;
    %pushi/vec4 0, 0, 32;
    %assign/vec4 v0x555fb9ead890_0, 0;
    %pushi/vec4 1, 0, 1;
    %assign/vec4 v0x555fb9eadb20_0, 0;
    %pushi/vec4 0, 0, 1;
    %assign/vec4 v0x555fb9eae030_0, 0;
    %pushi/vec4 1, 0, 1;
    %assign/vec4 v0x555fb9eae6f0_0, 0;
    %pushi/vec4 1, 0, 1;
    %assign/vec4 v0x555fb9eae1b0_0, 0;
    %pushi/vec4 0, 0, 1;
    %assign/vec4 v0x555fb9eada10_0, 0;
    %pushi/vec4 0, 0, 1;
    %assign/vec4 v0x555fb9ead950_0, 0;
    %pushi/vec4 0, 0, 1;
    %assign/vec4 v0x555fb9eadca0_0, 0;
    %pushi/vec4 0, 0, 1;
    %assign/vec4 v0x555fb9eadbe0_0, 0;
    %pushi/vec4 0, 0, 1;
    %assign/vec4 v0x555fb9eadeb0_0, 0;
    %pushi/vec4 0, 0, 1;
    %assign/vec4 v0x555fb9eadd60_0, 0;
    %pushi/vec4 0, 0, 1;
    %assign/vec4 v0x555fb9eadf70_0, 0;
    %pushi/vec4 0, 0, 1;
    %assign/vec4 v0x555fb9eae0f0_0, 0;
    %pushi/vec4 0, 0, 1;
    %assign/vec4 v0x555fb9eae570_0, 0;
    %pushi/vec4 0, 0, 1;
    %assign/vec4 v0x555fb9eae4b0_0, 0;
    %pushi/vec4 0, 0, 1;
    %assign/vec4 v0x555fb9eae3f0_0, 0;
    %pushi/vec4 0, 0, 1;
    %assign/vec4 v0x555fb9eae330_0, 0;
    %pushi/vec4 0, 0, 1;
    %assign/vec4 v0x555fb9eae270_0, 0;
    %jmp T_1.48;
T_1.19 ;
    %pushi/vec4 0, 0, 1;
    %assign/vec4 v0x555fb9e42c70_0, 0;
    %pushi/vec4 0, 0, 1;
    %assign/vec4 v0x555fb9eae630_0, 0;
    %pushi/vec4 0, 0, 32;
    %assign/vec4 v0x555fb9ead890_0, 0;
    %pushi/vec4 0, 0, 1;
    %assign/vec4 v0x555fb9eadb20_0, 0;
    %pushi/vec4 0, 0, 1;
    %assign/vec4 v0x555fb9eae030_0, 0;
    %pushi/vec4 0, 0, 1;
    %assign/vec4 v0x555fb9eae6f0_0, 0;
    %pushi/vec4 0, 0, 1;
    %assign/vec4 v0x555fb9eae1b0_0, 0;
    %pushi/vec4 0, 0, 1;
    %assign/vec4 v0x555fb9eada10_0, 0;
    %pushi/vec4 0, 0, 1;
    %assign/vec4 v0x555fb9ead950_0, 0;
    %pushi/vec4 1, 0, 1;
    %assign/vec4 v0x555fb9eadca0_0, 0;
    %pushi/vec4 0, 0, 1;
    %assign/vec4 v0x555fb9eadbe0_0, 0;
    %pushi/vec4 0, 0, 1;
    %assign/vec4 v0x555fb9eadeb0_0, 0;
    %pushi/vec4 0, 0, 1;
    %assign/vec4 v0x555fb9eadd60_0, 0;
    %pushi/vec4 1, 0, 1;
    %assign/vec4 v0x555fb9eadf70_0, 0;
    %pushi/vec4 0, 0, 1;
    %assign/vec4 v0x555fb9eae0f0_0, 0;
    %pushi/vec4 0, 0, 1;
    %assign/vec4 v0x555fb9eae570_0, 0;
    %pushi/vec4 1, 0, 1;
    %assign/vec4 v0x555fb9eae4b0_0, 0;
    %pushi/vec4 1, 0, 1;
    %assign/vec4 v0x555fb9eae3f0_0, 0;
    %pushi/vec4 0, 0, 1;
    %assign/vec4 v0x555fb9eae330_0, 0;
    %pushi/vec4 1, 0, 1;
    %assign/vec4 v0x555fb9eae270_0, 0;
    %jmp T_1.48;
T_1.20 ;
    %pushi/vec4 0, 0, 1;
    %assign/vec4 v0x555fb9e42c70_0, 0;
    %pushi/vec4 1, 0, 1;
    %assign/vec4 v0x555fb9eae630_0, 0;
    %pushi/vec4 0, 0, 32;
    %assign/vec4 v0x555fb9ead890_0, 0;
    %pushi/vec4 0, 0, 1;
    %assign/vec4 v0x555fb9eadb20_0, 0;
    %pushi/vec4 0, 0, 1;
    %assign/vec4 v0x555fb9eae030_0, 0;
    %pushi/vec4 0, 0, 1;
    %assign/vec4 v0x555fb9eae6f0_0, 0;
    %pushi/vec4 0, 0, 1;
    %assign/vec4 v0x555fb9eae1b0_0, 0;
    %pushi/vec4 0, 0, 1;
    %assign/vec4 v0x555fb9eada10_0, 0;
    %pushi/vec4 0, 0, 1;
    %assign/vec4 v0x555fb9ead950_0, 0;
    %pushi/vec4 0, 0, 1;
    %assign/vec4 v0x555fb9eadca0_0, 0;
    %pushi/vec4 1, 0, 1;
    %assign/vec4 v0x555fb9eadbe0_0, 0;
    %pushi/vec4 1, 0, 1;
    %assign/vec4 v0x555fb9eadeb0_0, 0;
    %pushi/vec4 0, 0, 1;
    %assign/vec4 v0x555fb9eadd60_0, 0;
    %pushi/vec4 1, 0, 1;
    %assign/vec4 v0x555fb9eadf70_0, 0;
    %pushi/vec4 0, 0, 1;
    %assign/vec4 v0x555fb9eae0f0_0, 0;
    %pushi/vec4 0, 0, 1;
    %assign/vec4 v0x555fb9eae570_0, 0;
    %pushi/vec4 0, 0, 1;
    %assign/vec4 v0x555fb9eae4b0_0, 0;
    %pushi/vec4 1, 0, 1;
    %assign/vec4 v0x555fb9eae3f0_0, 0;
    %pushi/vec4 0, 0, 1;
    %assign/vec4 v0x555fb9eae330_0, 0;
    %pushi/vec4 0, 0, 1;
    %assign/vec4 v0x555fb9eae270_0, 0;
    %jmp T_1.48;
T_1.21 ;
    %pushi/vec4 0, 0, 1;
    %assign/vec4 v0x555fb9e42c70_0, 0;
    %pushi/vec4 1, 0, 1;
    %assign/vec4 v0x555fb9eae630_0, 0;
    %pushi/vec4 0, 0, 32;
    %assign/vec4 v0x555fb9ead890_0, 0;
    %pushi/vec4 0, 0, 1;
    %assign/vec4 v0x555fb9eadb20_0, 0;
    %pushi/vec4 0, 0, 1;
    %assign/vec4 v0x555fb9eae030_0, 0;
    %pushi/vec4 0, 0, 1;
    %assign/vec4 v0x555fb9eae6f0_0, 0;
    %pushi/vec4 0, 0, 1;
    %assign/vec4 v0x555fb9eae1b0_0, 0;
    %pushi/vec4 0, 0, 1;
    %assign/vec4 v0x555fb9eada10_0, 0;
    %pushi/vec4 0, 0, 1;
    %assign/vec4 v0x555fb9ead950_0, 0;
    %pushi/vec4 0, 0, 1;
    %assign/vec4 v0x555fb9eadca0_0, 0;
    %pushi/vec4 1, 0, 1;
    %assign/vec4 v0x555fb9eadbe0_0, 0;
    %pushi/vec4 1, 0, 1;
    %assign/vec4 v0x555fb9eadeb0_0, 0;
    %pushi/vec4 0, 0, 1;
    %assign/vec4 v0x555fb9eadd60_0, 0;
    %pushi/vec4 1, 0, 1;
    %assign/vec4 v0x555fb9eadf70_0, 0;
    %pushi/vec4 0, 0, 1;
    %assign/vec4 v0x555fb9eae0f0_0, 0;
    %pushi/vec4 0, 0, 1;
    %assign/vec4 v0x555fb9eae570_0, 0;
    %pushi/vec4 1, 0, 1;
    %assign/vec4 v0x555fb9eae4b0_0, 0;
    %pushi/vec4 1, 0, 1;
    %assign/vec4 v0x555fb9eae3f0_0, 0;
    %pushi/vec4 0, 0, 1;
    %assign/vec4 v0x555fb9eae330_0, 0;
    %pushi/vec4 1, 0, 1;
    %assign/vec4 v0x555fb9eae270_0, 0;
    %jmp T_1.48;
T_1.22 ;
    %pushi/vec4 0, 0, 1;
    %assign/vec4 v0x555fb9e42c70_0, 0;
    %pushi/vec4 1, 0, 1;
    %assign/vec4 v0x555fb9eae630_0, 0;
    %pushi/vec4 0, 0, 32;
    %assign/vec4 v0x555fb9ead890_0, 0;
    %pushi/vec4 0, 0, 1;
    %assign/vec4 v0x555fb9eadb20_0, 0;
    %pushi/vec4 0, 0, 1;
    %assign/vec4 v0x555fb9eae030_0, 0;
    %pushi/vec4 0, 0, 1;
    %assign/vec4 v0x555fb9eae6f0_0, 0;
    %pushi/vec4 0, 0, 1;
    %assign/vec4 v0x555fb9eae1b0_0, 0;
    %pushi/vec4 0, 0, 1;
    %assign/vec4 v0x555fb9eada10_0, 0;
    %pushi/vec4 0, 0, 1;
    %assign/vec4 v0x555fb9ead950_0, 0;
    %pushi/vec4 0, 0, 1;
    %assign/vec4 v0x555fb9eadca0_0, 0;
    %pushi/vec4 0, 0, 1;
    %assign/vec4 v0x555fb9eadbe0_0, 0;
    %pushi/vec4 1, 0, 1;
    %assign/vec4 v0x555fb9eadeb0_0, 0;
    %pushi/vec4 0, 0, 1;
    %assign/vec4 v0x555fb9eadd60_0, 0;
    %pushi/vec4 1, 0, 1;
    %assign/vec4 v0x555fb9eadf70_0, 0;
    %pushi/vec4 0, 0, 1;
    %assign/vec4 v0x555fb9eae0f0_0, 0;
    %pushi/vec4 0, 0, 1;
    %assign/vec4 v0x555fb9eae570_0, 0;
    %pushi/vec4 1, 0, 1;
    %assign/vec4 v0x555fb9eae4b0_0, 0;
    %pushi/vec4 1, 0, 1;
    %assign/vec4 v0x555fb9eae3f0_0, 0;
    %pushi/vec4 0, 0, 1;
    %assign/vec4 v0x555fb9eae330_0, 0;
    %pushi/vec4 1, 0, 1;
    %assign/vec4 v0x555fb9eae270_0, 0;
    %jmp T_1.48;
T_1.23 ;
    %pushi/vec4 0, 0, 1;
    %assign/vec4 v0x555fb9e42c70_0, 0;
    %pushi/vec4 1, 0, 1;
    %assign/vec4 v0x555fb9eae630_0, 0;
    %pushi/vec4 0, 0, 32;
    %assign/vec4 v0x555fb9ead890_0, 0;
    %pushi/vec4 0, 0, 1;
    %assign/vec4 v0x555fb9eadb20_0, 0;
    %pushi/vec4 0, 0, 1;
    %assign/vec4 v0x555fb9eae030_0, 0;
    %pushi/vec4 0, 0, 1;
    %assign/vec4 v0x555fb9eae6f0_0, 0;
    %pushi/vec4 0, 0, 1;
    %assign/vec4 v0x555fb9eae1b0_0, 0;
    %pushi/vec4 0, 0, 1;
    %assign/vec4 v0x555fb9eada10_0, 0;
    %pushi/vec4 0, 0, 1;
    %assign/vec4 v0x555fb9ead950_0, 0;
    %pushi/vec4 0, 0, 1;
    %assign/vec4 v0x555fb9eadca0_0, 0;
    %pushi/vec4 0, 0, 1;
    %assign/vec4 v0x555fb9eadbe0_0, 0;
    %pushi/vec4 1, 0, 1;
    %assign/vec4 v0x555fb9eadeb0_0, 0;
    %pushi/vec4 0, 0, 1;
    %assign/vec4 v0x555fb9eadd60_0, 0;
    %pushi/vec4 1, 0, 1;
    %assign/vec4 v0x555fb9eadf70_0, 0;
    %pushi/vec4 0, 0, 1;
    %assign/vec4 v0x555fb9eae0f0_0, 0;
    %pushi/vec4 0, 0, 1;
    %assign/vec4 v0x555fb9eae570_0, 0;
    %pushi/vec4 1, 0, 1;
    %assign/vec4 v0x555fb9eae4b0_0, 0;
    %pushi/vec4 1, 0, 1;
    %assign/vec4 v0x555fb9eae3f0_0, 0;
    %pushi/vec4 0, 0, 1;
    %assign/vec4 v0x555fb9eae330_0, 0;
    %pushi/vec4 1, 0, 1;
    %assign/vec4 v0x555fb9eae270_0, 0;
    %jmp T_1.48;
T_1.24 ;
    %pushi/vec4 0, 0, 1;
    %assign/vec4 v0x555fb9e42c70_0, 0;
    %pushi/vec4 1, 0, 1;
    %assign/vec4 v0x555fb9eae630_0, 0;
    %pushi/vec4 0, 0, 32;
    %assign/vec4 v0x555fb9ead890_0, 0;
    %pushi/vec4 0, 0, 1;
    %assign/vec4 v0x555fb9eadb20_0, 0;
    %pushi/vec4 0, 0, 1;
    %assign/vec4 v0x555fb9eae030_0, 0;
    %pushi/vec4 0, 0, 1;
    %assign/vec4 v0x555fb9eae6f0_0, 0;
    %pushi/vec4 0, 0, 1;
    %assign/vec4 v0x555fb9eae1b0_0, 0;
    %pushi/vec4 0, 0, 1;
    %assign/vec4 v0x555fb9eada10_0, 0;
    %pushi/vec4 0, 0, 1;
    %assign/vec4 v0x555fb9ead950_0, 0;
    %pushi/vec4 0, 0, 1;
    %assign/vec4 v0x555fb9eadca0_0, 0;
    %pushi/vec4 1, 0, 1;
    %assign/vec4 v0x555fb9eadbe0_0, 0;
    %pushi/vec4 1, 0, 1;
    %assign/vec4 v0x555fb9eadeb0_0, 0;
    %pushi/vec4 0, 0, 1;
    %assign/vec4 v0x555fb9eadd60_0, 0;
    %pushi/vec4 1, 0, 1;
    %assign/vec4 v0x555fb9eadf70_0, 0;
    %pushi/vec4 0, 0, 1;
    %assign/vec4 v0x555fb9eae0f0_0, 0;
    %pushi/vec4 0, 0, 1;
    %assign/vec4 v0x555fb9eae570_0, 0;
    %pushi/vec4 1, 0, 1;
    %assign/vec4 v0x555fb9eae4b0_0, 0;
    %pushi/vec4 1, 0, 1;
    %assign/vec4 v0x555fb9eae3f0_0, 0;
    %pushi/vec4 0, 0, 1;
    %assign/vec4 v0x555fb9eae330_0, 0;
    %pushi/vec4 1, 0, 1;
    %assign/vec4 v0x555fb9eae270_0, 0;
    %jmp T_1.48;
T_1.25 ;
    %pushi/vec4 0, 0, 1;
    %assign/vec4 v0x555fb9e42c70_0, 0;
    %pushi/vec4 1, 0, 1;
    %assign/vec4 v0x555fb9eae630_0, 0;
    %pushi/vec4 0, 0, 32;
    %assign/vec4 v0x555fb9ead890_0, 0;
    %pushi/vec4 0, 0, 1;
    %assign/vec4 v0x555fb9eadb20_0, 0;
    %pushi/vec4 0, 0, 1;
    %assign/vec4 v0x555fb9eae030_0, 0;
    %pushi/vec4 0, 0, 1;
    %assign/vec4 v0x555fb9eae6f0_0, 0;
    %pushi/vec4 0, 0, 1;
    %assign/vec4 v0x555fb9eae1b0_0, 0;
    %pushi/vec4 0, 0, 1;
    %assign/vec4 v0x555fb9eada10_0, 0;
    %pushi/vec4 0, 0, 1;
    %assign/vec4 v0x555fb9ead950_0, 0;
    %pushi/vec4 0, 0, 1;
    %assign/vec4 v0x555fb9eadca0_0, 0;
    %pushi/vec4 1, 0, 1;
    %assign/vec4 v0x555fb9eadbe0_0, 0;
    %pushi/vec4 1, 0, 1;
    %assign/vec4 v0x555fb9eadeb0_0, 0;
    %pushi/vec4 0, 0, 1;
    %assign/vec4 v0x555fb9eadd60_0, 0;
    %pushi/vec4 1, 0, 1;
    %assign/vec4 v0x555fb9eadf70_0, 0;
    %pushi/vec4 0, 0, 1;
    %assign/vec4 v0x555fb9eae0f0_0, 0;
    %pushi/vec4 0, 0, 1;
    %assign/vec4 v0x555fb9eae570_0, 0;
    %pushi/vec4 1, 0, 1;
    %assign/vec4 v0x555fb9eae4b0_0, 0;
    %pushi/vec4 1, 0, 1;
    %assign/vec4 v0x555fb9eae3f0_0, 0;
    %pushi/vec4 0, 0, 1;
    %assign/vec4 v0x555fb9eae330_0, 0;
    %pushi/vec4 1, 0, 1;
    %assign/vec4 v0x555fb9eae270_0, 0;
    %jmp T_1.48;
T_1.26 ;
    %pushi/vec4 0, 0, 1;
    %assign/vec4 v0x555fb9e42c70_0, 0;
    %pushi/vec4 0, 0, 1;
    %assign/vec4 v0x555fb9eae630_0, 0;
    %pushi/vec4 0, 0, 32;
    %assign/vec4 v0x555fb9ead890_0, 0;
    %pushi/vec4 0, 0, 1;
    %assign/vec4 v0x555fb9eadb20_0, 0;
    %pushi/vec4 1, 0, 1;
    %assign/vec4 v0x555fb9eae030_0, 0;
    %pushi/vec4 0, 0, 1;
    %assign/vec4 v0x555fb9eae6f0_0, 0;
    %pushi/vec4 0, 0, 1;
    %assign/vec4 v0x555fb9eae1b0_0, 0;
    %pushi/vec4 0, 0, 1;
    %assign/vec4 v0x555fb9eada10_0, 0;
    %pushi/vec4 0, 0, 1;
    %assign/vec4 v0x555fb9ead950_0, 0;
    %pushi/vec4 0, 0, 1;
    %assign/vec4 v0x555fb9eadca0_0, 0;
    %pushi/vec4 1, 0, 1;
    %assign/vec4 v0x555fb9eadbe0_0, 0;
    %pushi/vec4 0, 0, 1;
    %assign/vec4 v0x555fb9eadeb0_0, 0;
    %pushi/vec4 0, 0, 1;
    %assign/vec4 v0x555fb9eadd60_0, 0;
    %pushi/vec4 1, 0, 1;
    %assign/vec4 v0x555fb9eadf70_0, 0;
    %pushi/vec4 0, 0, 1;
    %assign/vec4 v0x555fb9eae0f0_0, 0;
    %pushi/vec4 0, 0, 1;
    %assign/vec4 v0x555fb9eae570_0, 0;
    %pushi/vec4 0, 0, 1;
    %assign/vec4 v0x555fb9eae4b0_0, 0;
    %pushi/vec4 0, 0, 1;
    %assign/vec4 v0x555fb9eae3f0_0, 0;
    %pushi/vec4 0, 0, 1;
    %assign/vec4 v0x555fb9eae330_0, 0;
    %pushi/vec4 0, 0, 1;
    %assign/vec4 v0x555fb9eae270_0, 0;
    %jmp T_1.48;
T_1.27 ;
    %pushi/vec4 0, 0, 1;
    %assign/vec4 v0x555fb9e42c70_0, 0;
    %pushi/vec4 0, 0, 1;
    %assign/vec4 v0x555fb9eae630_0, 0;
    %pushi/vec4 0, 0, 32;
    %assign/vec4 v0x555fb9ead890_0, 0;
    %pushi/vec4 0, 0, 1;
    %assign/vec4 v0x555fb9eadb20_0, 0;
    %pushi/vec4 1, 0, 1;
    %assign/vec4 v0x555fb9eae030_0, 0;
    %pushi/vec4 0, 0, 1;
    %assign/vec4 v0x555fb9eae6f0_0, 0;
    %pushi/vec4 0, 0, 1;
    %assign/vec4 v0x555fb9eae1b0_0, 0;
    %pushi/vec4 0, 0, 1;
    %assign/vec4 v0x555fb9eada10_0, 0;
    %pushi/vec4 0, 0, 1;
    %assign/vec4 v0x555fb9ead950_0, 0;
    %pushi/vec4 0, 0, 1;
    %assign/vec4 v0x555fb9eadca0_0, 0;
    %pushi/vec4 0, 0, 1;
    %assign/vec4 v0x555fb9eadbe0_0, 0;
    %pushi/vec4 0, 0, 1;
    %assign/vec4 v0x555fb9eadeb0_0, 0;
    %pushi/vec4 0, 0, 1;
    %assign/vec4 v0x555fb9eadd60_0, 0;
    %pushi/vec4 1, 0, 1;
    %assign/vec4 v0x555fb9eadf70_0, 0;
    %pushi/vec4 0, 0, 1;
    %assign/vec4 v0x555fb9eae0f0_0, 0;
    %pushi/vec4 1, 0, 1;
    %assign/vec4 v0x555fb9eae570_0, 0;
    %pushi/vec4 0, 0, 1;
    %assign/vec4 v0x555fb9eae4b0_0, 0;
    %pushi/vec4 0, 0, 1;
    %assign/vec4 v0x555fb9eae3f0_0, 0;
    %pushi/vec4 0, 0, 1;
    %assign/vec4 v0x555fb9eae330_0, 0;
    %pushi/vec4 0, 0, 1;
    %assign/vec4 v0x555fb9eae270_0, 0;
    %jmp T_1.48;
T_1.28 ;
    %pushi/vec4 0, 0, 1;
    %assign/vec4 v0x555fb9e42c70_0, 0;
    %pushi/vec4 0, 0, 1;
    %assign/vec4 v0x555fb9eae630_0, 0;
    %pushi/vec4 0, 0, 32;
    %assign/vec4 v0x555fb9ead890_0, 0;
    %pushi/vec4 0, 0, 1;
    %assign/vec4 v0x555fb9eadb20_0, 0;
    %pushi/vec4 1, 0, 1;
    %assign/vec4 v0x555fb9eae030_0, 0;
    %pushi/vec4 0, 0, 1;
    %assign/vec4 v0x555fb9eae6f0_0, 0;
    %pushi/vec4 0, 0, 1;
    %assign/vec4 v0x555fb9eae1b0_0, 0;
    %pushi/vec4 0, 0, 1;
    %assign/vec4 v0x555fb9eada10_0, 0;
    %pushi/vec4 0, 0, 1;
    %assign/vec4 v0x555fb9ead950_0, 0;
    %pushi/vec4 0, 0, 1;
    %assign/vec4 v0x555fb9eadca0_0, 0;
    %pushi/vec4 1, 0, 1;
    %assign/vec4 v0x555fb9eadbe0_0, 0;
    %pushi/vec4 0, 0, 1;
    %assign/vec4 v0x555fb9eadeb0_0, 0;
    %pushi/vec4 0, 0, 1;
    %assign/vec4 v0x555fb9eadd60_0, 0;
    %pushi/vec4 1, 0, 1;
    %assign/vec4 v0x555fb9eadf70_0, 0;
    %pushi/vec4 0, 0, 1;
    %assign/vec4 v0x555fb9eae0f0_0, 0;
    %pushi/vec4 0, 0, 1;
    %assign/vec4 v0x555fb9eae570_0, 0;
    %pushi/vec4 0, 0, 1;
    %assign/vec4 v0x555fb9eae4b0_0, 0;
    %pushi/vec4 1, 0, 1;
    %assign/vec4 v0x555fb9eae3f0_0, 0;
    %pushi/vec4 0, 0, 1;
    %assign/vec4 v0x555fb9eae330_0, 0;
    %pushi/vec4 0, 0, 1;
    %assign/vec4 v0x555fb9eae270_0, 0;
    %jmp T_1.48;
T_1.29 ;
    %pushi/vec4 0, 0, 1;
    %assign/vec4 v0x555fb9e42c70_0, 0;
    %pushi/vec4 0, 0, 1;
    %assign/vec4 v0x555fb9eae630_0, 0;
    %pushi/vec4 0, 0, 32;
    %assign/vec4 v0x555fb9ead890_0, 0;
    %pushi/vec4 0, 0, 1;
    %assign/vec4 v0x555fb9eadb20_0, 0;
    %pushi/vec4 1, 0, 1;
    %assign/vec4 v0x555fb9eae030_0, 0;
    %pushi/vec4 0, 0, 1;
    %assign/vec4 v0x555fb9eae6f0_0, 0;
    %pushi/vec4 0, 0, 1;
    %assign/vec4 v0x555fb9eae1b0_0, 0;
    %pushi/vec4 0, 0, 1;
    %assign/vec4 v0x555fb9eada10_0, 0;
    %pushi/vec4 0, 0, 1;
    %assign/vec4 v0x555fb9ead950_0, 0;
    %pushi/vec4 0, 0, 1;
    %assign/vec4 v0x555fb9eadca0_0, 0;
    %pushi/vec4 0, 0, 1;
    %assign/vec4 v0x555fb9eadbe0_0, 0;
    %pushi/vec4 0, 0, 1;
    %assign/vec4 v0x555fb9eadeb0_0, 0;
    %pushi/vec4 0, 0, 1;
    %assign/vec4 v0x555fb9eadd60_0, 0;
    %pushi/vec4 1, 0, 1;
    %assign/vec4 v0x555fb9eadf70_0, 0;
    %pushi/vec4 0, 0, 1;
    %assign/vec4 v0x555fb9eae0f0_0, 0;
    %pushi/vec4 0, 0, 1;
    %assign/vec4 v0x555fb9eae570_0, 0;
    %pushi/vec4 0, 0, 1;
    %assign/vec4 v0x555fb9eae4b0_0, 0;
    %pushi/vec4 1, 0, 1;
    %assign/vec4 v0x555fb9eae3f0_0, 0;
    %pushi/vec4 0, 0, 1;
    %assign/vec4 v0x555fb9eae330_0, 0;
    %pushi/vec4 0, 0, 1;
    %assign/vec4 v0x555fb9eae270_0, 0;
    %jmp T_1.48;
T_1.30 ;
    %pushi/vec4 0, 0, 1;
    %assign/vec4 v0x555fb9e42c70_0, 0;
    %pushi/vec4 0, 0, 1;
    %assign/vec4 v0x555fb9eae630_0, 0;
    %pushi/vec4 0, 0, 32;
    %assign/vec4 v0x555fb9ead890_0, 0;
    %pushi/vec4 0, 0, 1;
    %assign/vec4 v0x555fb9eadb20_0, 0;
    %pushi/vec4 1, 0, 1;
    %assign/vec4 v0x555fb9eae030_0, 0;
    %pushi/vec4 0, 0, 1;
    %assign/vec4 v0x555fb9eae6f0_0, 0;
    %pushi/vec4 0, 0, 1;
    %assign/vec4 v0x555fb9eae1b0_0, 0;
    %pushi/vec4 0, 0, 1;
    %assign/vec4 v0x555fb9eada10_0, 0;
    %pushi/vec4 0, 0, 1;
    %assign/vec4 v0x555fb9ead950_0, 0;
    %pushi/vec4 0, 0, 1;
    %assign/vec4 v0x555fb9eadca0_0, 0;
    %pushi/vec4 0, 0, 1;
    %assign/vec4 v0x555fb9eadbe0_0, 0;
    %pushi/vec4 0, 0, 1;
    %assign/vec4 v0x555fb9eadeb0_0, 0;
    %pushi/vec4 0, 0, 1;
    %assign/vec4 v0x555fb9eadd60_0, 0;
    %pushi/vec4 1, 0, 1;
    %assign/vec4 v0x555fb9eadf70_0, 0;
    %pushi/vec4 0, 0, 1;
    %assign/vec4 v0x555fb9eae0f0_0, 0;
    %pushi/vec4 0, 0, 1;
    %assign/vec4 v0x555fb9eae570_0, 0;
    %pushi/vec4 0, 0, 1;
    %assign/vec4 v0x555fb9eae4b0_0, 0;
    %pushi/vec4 1, 0, 1;
    %assign/vec4 v0x555fb9eae3f0_0, 0;
    %pushi/vec4 0, 0, 1;
    %assign/vec4 v0x555fb9eae330_0, 0;
    %pushi/vec4 0, 0, 1;
    %assign/vec4 v0x555fb9eae270_0, 0;
    %jmp T_1.48;
T_1.31 ;
    %pushi/vec4 0, 0, 1;
    %assign/vec4 v0x555fb9e42c70_0, 0;
    %pushi/vec4 0, 0, 1;
    %assign/vec4 v0x555fb9eae630_0, 0;
    %pushi/vec4 0, 0, 32;
    %assign/vec4 v0x555fb9ead890_0, 0;
    %pushi/vec4 0, 0, 1;
    %assign/vec4 v0x555fb9eadb20_0, 0;
    %pushi/vec4 1, 0, 1;
    %assign/vec4 v0x555fb9eae030_0, 0;
    %pushi/vec4 0, 0, 1;
    %assign/vec4 v0x555fb9eae6f0_0, 0;
    %pushi/vec4 0, 0, 1;
    %assign/vec4 v0x555fb9eae1b0_0, 0;
    %pushi/vec4 0, 0, 1;
    %assign/vec4 v0x555fb9eada10_0, 0;
    %pushi/vec4 0, 0, 1;
    %assign/vec4 v0x555fb9ead950_0, 0;
    %pushi/vec4 0, 0, 1;
    %assign/vec4 v0x555fb9eadca0_0, 0;
    %pushi/vec4 0, 0, 1;
    %assign/vec4 v0x555fb9eadbe0_0, 0;
    %pushi/vec4 0, 0, 1;
    %assign/vec4 v0x555fb9eadeb0_0, 0;
    %pushi/vec4 0, 0, 1;
    %assign/vec4 v0x555fb9eadd60_0, 0;
    %pushi/vec4 1, 0, 1;
    %assign/vec4 v0x555fb9eadf70_0, 0;
    %pushi/vec4 0, 0, 1;
    %assign/vec4 v0x555fb9eae0f0_0, 0;
    %pushi/vec4 0, 0, 1;
    %assign/vec4 v0x555fb9eae570_0, 0;
    %pushi/vec4 0, 0, 1;
    %assign/vec4 v0x555fb9eae4b0_0, 0;
    %pushi/vec4 1, 0, 1;
    %assign/vec4 v0x555fb9eae3f0_0, 0;
    %pushi/vec4 0, 0, 1;
    %assign/vec4 v0x555fb9eae330_0, 0;
    %pushi/vec4 0, 0, 1;
    %assign/vec4 v0x555fb9eae270_0, 0;
    %jmp T_1.48;
T_1.32 ;
    %pushi/vec4 0, 0, 1;
    %assign/vec4 v0x555fb9e42c70_0, 0;
    %pushi/vec4 0, 0, 1;
    %assign/vec4 v0x555fb9eae630_0, 0;
    %pushi/vec4 0, 0, 32;
    %assign/vec4 v0x555fb9ead890_0, 0;
    %pushi/vec4 0, 0, 1;
    %assign/vec4 v0x555fb9eadb20_0, 0;
    %pushi/vec4 1, 0, 1;
    %assign/vec4 v0x555fb9eae030_0, 0;
    %pushi/vec4 0, 0, 1;
    %assign/vec4 v0x555fb9eae6f0_0, 0;
    %pushi/vec4 0, 0, 1;
    %assign/vec4 v0x555fb9eae1b0_0, 0;
    %pushi/vec4 0, 0, 1;
    %assign/vec4 v0x555fb9eada10_0, 0;
    %pushi/vec4 0, 0, 1;
    %assign/vec4 v0x555fb9ead950_0, 0;
    %pushi/vec4 0, 0, 1;
    %assign/vec4 v0x555fb9eadca0_0, 0;
    %pushi/vec4 1, 0, 1;
    %assign/vec4 v0x555fb9eadbe0_0, 0;
    %pushi/vec4 0, 0, 1;
    %assign/vec4 v0x555fb9eadeb0_0, 0;
    %pushi/vec4 0, 0, 1;
    %assign/vec4 v0x555fb9eadd60_0, 0;
    %pushi/vec4 1, 0, 1;
    %assign/vec4 v0x555fb9eadf70_0, 0;
    %pushi/vec4 0, 0, 1;
    %assign/vec4 v0x555fb9eae0f0_0, 0;
    %pushi/vec4 0, 0, 1;
    %assign/vec4 v0x555fb9eae570_0, 0;
    %pushi/vec4 0, 0, 1;
    %assign/vec4 v0x555fb9eae4b0_0, 0;
    %pushi/vec4 1, 0, 1;
    %assign/vec4 v0x555fb9eae3f0_0, 0;
    %pushi/vec4 0, 0, 1;
    %assign/vec4 v0x555fb9eae330_0, 0;
    %pushi/vec4 0, 0, 1;
    %assign/vec4 v0x555fb9eae270_0, 0;
    %jmp T_1.48;
T_1.33 ;
    %pushi/vec4 0, 0, 1;
    %assign/vec4 v0x555fb9e42c70_0, 0;
    %pushi/vec4 0, 0, 1;
    %assign/vec4 v0x555fb9eae630_0, 0;
    %pushi/vec4 0, 0, 32;
    %assign/vec4 v0x555fb9ead890_0, 0;
    %pushi/vec4 0, 0, 1;
    %assign/vec4 v0x555fb9eadb20_0, 0;
    %pushi/vec4 1, 0, 1;
    %assign/vec4 v0x555fb9eae030_0, 0;
    %pushi/vec4 0, 0, 1;
    %assign/vec4 v0x555fb9eae6f0_0, 0;
    %pushi/vec4 0, 0, 1;
    %assign/vec4 v0x555fb9eae1b0_0, 0;
    %pushi/vec4 0, 0, 1;
    %assign/vec4 v0x555fb9eada10_0, 0;
    %pushi/vec4 0, 0, 1;
    %assign/vec4 v0x555fb9ead950_0, 0;
    %pushi/vec4 0, 0, 1;
    %assign/vec4 v0x555fb9eadca0_0, 0;
    %pushi/vec4 0, 0, 1;
    %assign/vec4 v0x555fb9eadbe0_0, 0;
    %pushi/vec4 0, 0, 1;
    %assign/vec4 v0x555fb9eadeb0_0, 0;
    %pushi/vec4 0, 0, 1;
    %assign/vec4 v0x555fb9eadd60_0, 0;
    %pushi/vec4 1, 0, 1;
    %assign/vec4 v0x555fb9eadf70_0, 0;
    %pushi/vec4 0, 0, 1;
    %assign/vec4 v0x555fb9eae0f0_0, 0;
    %pushi/vec4 0, 0, 1;
    %assign/vec4 v0x555fb9eae570_0, 0;
    %pushi/vec4 0, 0, 1;
    %assign/vec4 v0x555fb9eae4b0_0, 0;
    %pushi/vec4 1, 0, 1;
    %assign/vec4 v0x555fb9eae3f0_0, 0;
    %pushi/vec4 0, 0, 1;
    %assign/vec4 v0x555fb9eae330_0, 0;
    %pushi/vec4 0, 0, 1;
    %assign/vec4 v0x555fb9eae270_0, 0;
    %jmp T_1.48;
T_1.34 ;
    %pushi/vec4 0, 0, 1;
    %assign/vec4 v0x555fb9e42c70_0, 0;
    %pushi/vec4 0, 0, 1;
    %assign/vec4 v0x555fb9eae630_0, 0;
    %pushi/vec4 0, 0, 32;
    %assign/vec4 v0x555fb9ead890_0, 0;
    %pushi/vec4 0, 0, 1;
    %assign/vec4 v0x555fb9eadb20_0, 0;
    %pushi/vec4 1, 0, 1;
    %assign/vec4 v0x555fb9eae030_0, 0;
    %pushi/vec4 0, 0, 1;
    %assign/vec4 v0x555fb9eae6f0_0, 0;
    %pushi/vec4 0, 0, 1;
    %assign/vec4 v0x555fb9eae1b0_0, 0;
    %pushi/vec4 0, 0, 1;
    %assign/vec4 v0x555fb9eada10_0, 0;
    %pushi/vec4 0, 0, 1;
    %assign/vec4 v0x555fb9ead950_0, 0;
    %pushi/vec4 0, 0, 1;
    %assign/vec4 v0x555fb9eadca0_0, 0;
    %pushi/vec4 1, 0, 1;
    %assign/vec4 v0x555fb9eadbe0_0, 0;
    %pushi/vec4 0, 0, 1;
    %assign/vec4 v0x555fb9eadeb0_0, 0;
    %pushi/vec4 0, 0, 1;
    %assign/vec4 v0x555fb9eadd60_0, 0;
    %pushi/vec4 1, 0, 1;
    %assign/vec4 v0x555fb9eadf70_0, 0;
    %pushi/vec4 0, 0, 1;
    %assign/vec4 v0x555fb9eae0f0_0, 0;
    %pushi/vec4 0, 0, 1;
    %assign/vec4 v0x555fb9eae570_0, 0;
    %pushi/vec4 0, 0, 1;
    %assign/vec4 v0x555fb9eae4b0_0, 0;
    %pushi/vec4 1, 0, 1;
    %assign/vec4 v0x555fb9eae3f0_0, 0;
    %pushi/vec4 0, 0, 1;
    %assign/vec4 v0x555fb9eae330_0, 0;
    %pushi/vec4 0, 0, 1;
    %assign/vec4 v0x555fb9eae270_0, 0;
    %jmp T_1.48;
T_1.35 ;
    %pushi/vec4 0, 0, 1;
    %assign/vec4 v0x555fb9e42c70_0, 0;
    %pushi/vec4 0, 0, 1;
    %assign/vec4 v0x555fb9eae630_0, 0;
    %pushi/vec4 0, 0, 32;
    %assign/vec4 v0x555fb9ead890_0, 0;
    %pushi/vec4 1, 0, 1;
    %assign/vec4 v0x555fb9eadb20_0, 0;
    %pushi/vec4 0, 0, 1;
    %assign/vec4 v0x555fb9eae030_0, 0;
    %pushi/vec4 0, 0, 1;
    %assign/vec4 v0x555fb9eae6f0_0, 0;
    %pushi/vec4 0, 0, 1;
    %assign/vec4 v0x555fb9eae1b0_0, 0;
    %pushi/vec4 0, 0, 1;
    %assign/vec4 v0x555fb9eada10_0, 0;
    %pushi/vec4 1, 0, 1;
    %assign/vec4 v0x555fb9ead950_0, 0;
    %pushi/vec4 0, 0, 1;
    %assign/vec4 v0x555fb9eadca0_0, 0;
    %pushi/vec4 0, 0, 1;
    %assign/vec4 v0x555fb9eadbe0_0, 0;
    %pushi/vec4 0, 0, 1;
    %assign/vec4 v0x555fb9eadeb0_0, 0;
    %pushi/vec4 0, 0, 1;
    %assign/vec4 v0x555fb9eadd60_0, 0;
    %pushi/vec4 0, 0, 1;
    %assign/vec4 v0x555fb9eadf70_0, 0;
    %pushi/vec4 0, 0, 1;
    %assign/vec4 v0x555fb9eae0f0_0, 0;
    %pushi/vec4 1, 0, 1;
    %assign/vec4 v0x555fb9eae570_0, 0;
    %pushi/vec4 0, 0, 1;
    %assign/vec4 v0x555fb9eae4b0_0, 0;
    %pushi/vec4 0, 0, 1;
    %assign/vec4 v0x555fb9eae3f0_0, 0;
    %pushi/vec4 0, 0, 1;
    %assign/vec4 v0x555fb9eae330_0, 0;
    %pushi/vec4 0, 0, 1;
    %assign/vec4 v0x555fb9eae270_0, 0;
    %jmp T_1.48;
T_1.36 ;
    %pushi/vec4 0, 0, 1;
    %assign/vec4 v0x555fb9e42c70_0, 0;
    %pushi/vec4 0, 0, 1;
    %assign/vec4 v0x555fb9eae630_0, 0;
    %pushi/vec4 0, 0, 32;
    %assign/vec4 v0x555fb9ead890_0, 0;
    %pushi/vec4 0, 0, 1;
    %assign/vec4 v0x555fb9eadb20_0, 0;
    %pushi/vec4 0, 0, 1;
    %assign/vec4 v0x555fb9eae030_0, 0;
    %pushi/vec4 0, 0, 1;
    %assign/vec4 v0x555fb9eae6f0_0, 0;
    %pushi/vec4 1, 0, 1;
    %assign/vec4 v0x555fb9eae1b0_0, 0;
    %pushi/vec4 0, 0, 1;
    %assign/vec4 v0x555fb9eada10_0, 0;
    %pushi/vec4 0, 0, 1;
    %assign/vec4 v0x555fb9ead950_0, 0;
    %pushi/vec4 0, 0, 1;
    %assign/vec4 v0x555fb9eadca0_0, 0;
    %pushi/vec4 0, 0, 1;
    %assign/vec4 v0x555fb9eadbe0_0, 0;
    %pushi/vec4 0, 0, 1;
    %assign/vec4 v0x555fb9eadeb0_0, 0;
    %pushi/vec4 0, 0, 1;
    %assign/vec4 v0x555fb9eadd60_0, 0;
    %pushi/vec4 0, 0, 1;
    %assign/vec4 v0x555fb9eadf70_0, 0;
    %pushi/vec4 0, 0, 1;
    %assign/vec4 v0x555fb9eae0f0_0, 0;
    %pushi/vec4 0, 0, 1;
    %assign/vec4 v0x555fb9eae570_0, 0;
    %pushi/vec4 0, 0, 1;
    %assign/vec4 v0x555fb9eae4b0_0, 0;
    %pushi/vec4 0, 0, 1;
    %assign/vec4 v0x555fb9eae3f0_0, 0;
    %pushi/vec4 0, 0, 1;
    %assign/vec4 v0x555fb9eae330_0, 0;
    %pushi/vec4 0, 0, 1;
    %assign/vec4 v0x555fb9eae270_0, 0;
    %jmp T_1.48;
T_1.37 ;
    %pushi/vec4 0, 0, 1;
    %assign/vec4 v0x555fb9e42c70_0, 0;
    %pushi/vec4 0, 0, 1;
    %assign/vec4 v0x555fb9eae630_0, 0;
    %pushi/vec4 0, 0, 32;
    %assign/vec4 v0x555fb9ead890_0, 0;
    %pushi/vec4 0, 0, 1;
    %assign/vec4 v0x555fb9eadb20_0, 0;
    %pushi/vec4 0, 0, 1;
    %assign/vec4 v0x555fb9eae030_0, 0;
    %pushi/vec4 0, 0, 1;
    %assign/vec4 v0x555fb9eae6f0_0, 0;
    %pushi/vec4 1, 0, 1;
    %assign/vec4 v0x555fb9eae1b0_0, 0;
    %pushi/vec4 0, 0, 1;
    %assign/vec4 v0x555fb9eada10_0, 0;
    %pushi/vec4 0, 0, 1;
    %assign/vec4 v0x555fb9ead950_0, 0;
    %pushi/vec4 0, 0, 1;
    %assign/vec4 v0x555fb9eadca0_0, 0;
    %pushi/vec4 0, 0, 1;
    %assign/vec4 v0x555fb9eadbe0_0, 0;
    %pushi/vec4 0, 0, 1;
    %assign/vec4 v0x555fb9eadeb0_0, 0;
    %pushi/vec4 0, 0, 1;
    %assign/vec4 v0x555fb9eadd60_0, 0;
    %pushi/vec4 0, 0, 1;
    %assign/vec4 v0x555fb9eadf70_0, 0;
    %pushi/vec4 0, 0, 1;
    %assign/vec4 v0x555fb9eae0f0_0, 0;
    %pushi/vec4 0, 0, 1;
    %assign/vec4 v0x555fb9eae570_0, 0;
    %pushi/vec4 0, 0, 1;
    %assign/vec4 v0x555fb9eae4b0_0, 0;
    %pushi/vec4 0, 0, 1;
    %assign/vec4 v0x555fb9eae3f0_0, 0;
    %pushi/vec4 0, 0, 1;
    %assign/vec4 v0x555fb9eae330_0, 0;
    %pushi/vec4 0, 0, 1;
    %assign/vec4 v0x555fb9eae270_0, 0;
    %jmp T_1.48;
T_1.38 ;
    %pushi/vec4 0, 0, 1;
    %assign/vec4 v0x555fb9e42c70_0, 0;
    %pushi/vec4 1, 0, 1;
    %assign/vec4 v0x555fb9eae630_0, 0;
    %pushi/vec4 0, 0, 32;
    %assign/vec4 v0x555fb9ead890_0, 0;
    %pushi/vec4 0, 0, 1;
    %assign/vec4 v0x555fb9eadb20_0, 0;
    %pushi/vec4 0, 0, 1;
    %assign/vec4 v0x555fb9eae030_0, 0;
    %pushi/vec4 0, 0, 1;
    %assign/vec4 v0x555fb9eae6f0_0, 0;
    %pushi/vec4 0, 0, 1;
    %assign/vec4 v0x555fb9eae1b0_0, 0;
    %pushi/vec4 0, 0, 1;
    %assign/vec4 v0x555fb9eada10_0, 0;
    %pushi/vec4 0, 0, 1;
    %assign/vec4 v0x555fb9ead950_0, 0;
    %pushi/vec4 0, 0, 1;
    %assign/vec4 v0x555fb9eadca0_0, 0;
    %pushi/vec4 1, 0, 1;
    %assign/vec4 v0x555fb9eadbe0_0, 0;
    %pushi/vec4 1, 0, 1;
    %assign/vec4 v0x555fb9eadeb0_0, 0;
    %pushi/vec4 0, 0, 1;
    %assign/vec4 v0x555fb9eadd60_0, 0;
    %pushi/vec4 1, 0, 1;
    %assign/vec4 v0x555fb9eadf70_0, 0;
    %pushi/vec4 0, 0, 1;
    %assign/vec4 v0x555fb9eae0f0_0, 0;
    %pushi/vec4 0, 0, 1;
    %assign/vec4 v0x555fb9eae570_0, 0;
    %pushi/vec4 0, 0, 1;
    %assign/vec4 v0x555fb9eae4b0_0, 0;
    %pushi/vec4 1, 0, 1;
    %assign/vec4 v0x555fb9eae3f0_0, 0;
    %pushi/vec4 0, 0, 1;
    %assign/vec4 v0x555fb9eae330_0, 0;
    %pushi/vec4 0, 0, 1;
    %assign/vec4 v0x555fb9eae270_0, 0;
    %jmp T_1.48;
T_1.39 ;
    %pushi/vec4 0, 0, 1;
    %assign/vec4 v0x555fb9e42c70_0, 0;
    %pushi/vec4 1, 0, 1;
    %assign/vec4 v0x555fb9eae630_0, 0;
    %pushi/vec4 0, 0, 32;
    %assign/vec4 v0x555fb9ead890_0, 0;
    %pushi/vec4 0, 0, 1;
    %assign/vec4 v0x555fb9eadb20_0, 0;
    %pushi/vec4 0, 0, 1;
    %assign/vec4 v0x555fb9eae030_0, 0;
    %pushi/vec4 0, 0, 1;
    %assign/vec4 v0x555fb9eae6f0_0, 0;
    %pushi/vec4 0, 0, 1;
    %assign/vec4 v0x555fb9eae1b0_0, 0;
    %pushi/vec4 0, 0, 1;
    %assign/vec4 v0x555fb9eada10_0, 0;
    %pushi/vec4 0, 0, 1;
    %assign/vec4 v0x555fb9ead950_0, 0;
    %pushi/vec4 0, 0, 1;
    %assign/vec4 v0x555fb9eadca0_0, 0;
    %pushi/vec4 1, 0, 1;
    %assign/vec4 v0x555fb9eadbe0_0, 0;
    %pushi/vec4 1, 0, 1;
    %assign/vec4 v0x555fb9eadeb0_0, 0;
    %pushi/vec4 0, 0, 1;
    %assign/vec4 v0x555fb9eadd60_0, 0;
    %pushi/vec4 1, 0, 1;
    %assign/vec4 v0x555fb9eadf70_0, 0;
    %pushi/vec4 0, 0, 1;
    %assign/vec4 v0x555fb9eae0f0_0, 0;
    %pushi/vec4 0, 0, 1;
    %assign/vec4 v0x555fb9eae570_0, 0;
    %pushi/vec4 0, 0, 1;
    %assign/vec4 v0x555fb9eae4b0_0, 0;
    %pushi/vec4 1, 0, 1;
    %assign/vec4 v0x555fb9eae3f0_0, 0;
    %pushi/vec4 0, 0, 1;
    %assign/vec4 v0x555fb9eae330_0, 0;
    %pushi/vec4 0, 0, 1;
    %assign/vec4 v0x555fb9eae270_0, 0;
    %jmp T_1.48;
T_1.40 ;
    %pushi/vec4 0, 0, 1;
    %assign/vec4 v0x555fb9e42c70_0, 0;
    %pushi/vec4 1, 0, 1;
    %assign/vec4 v0x555fb9eae630_0, 0;
    %pushi/vec4 0, 0, 32;
    %assign/vec4 v0x555fb9ead890_0, 0;
    %pushi/vec4 0, 0, 1;
    %assign/vec4 v0x555fb9eadb20_0, 0;
    %pushi/vec4 0, 0, 1;
    %assign/vec4 v0x555fb9eae030_0, 0;
    %pushi/vec4 0, 0, 1;
    %assign/vec4 v0x555fb9eae6f0_0, 0;
    %pushi/vec4 0, 0, 1;
    %assign/vec4 v0x555fb9eae1b0_0, 0;
    %pushi/vec4 0, 0, 1;
    %assign/vec4 v0x555fb9eada10_0, 0;
    %pushi/vec4 0, 0, 1;
    %assign/vec4 v0x555fb9ead950_0, 0;
    %pushi/vec4 0, 0, 1;
    %assign/vec4 v0x555fb9eadca0_0, 0;
    %pushi/vec4 0, 0, 1;
    %assign/vec4 v0x555fb9eadbe0_0, 0;
    %pushi/vec4 1, 0, 1;
    %assign/vec4 v0x555fb9eadeb0_0, 0;
    %pushi/vec4 0, 0, 1;
    %assign/vec4 v0x555fb9eadd60_0, 0;
    %pushi/vec4 1, 0, 1;
    %assign/vec4 v0x555fb9eadf70_0, 0;
    %pushi/vec4 0, 0, 1;
    %assign/vec4 v0x555fb9eae0f0_0, 0;
    %pushi/vec4 0, 0, 1;
    %assign/vec4 v0x555fb9eae570_0, 0;
    %pushi/vec4 0, 0, 1;
    %assign/vec4 v0x555fb9eae4b0_0, 0;
    %pushi/vec4 1, 0, 1;
    %assign/vec4 v0x555fb9eae3f0_0, 0;
    %pushi/vec4 0, 0, 1;
    %assign/vec4 v0x555fb9eae330_0, 0;
    %pushi/vec4 0, 0, 1;
    %assign/vec4 v0x555fb9eae270_0, 0;
    %jmp T_1.48;
T_1.41 ;
    %pushi/vec4 0, 0, 1;
    %assign/vec4 v0x555fb9e42c70_0, 0;
    %pushi/vec4 1, 0, 1;
    %assign/vec4 v0x555fb9eae630_0, 0;
    %pushi/vec4 0, 0, 32;
    %assign/vec4 v0x555fb9ead890_0, 0;
    %pushi/vec4 0, 0, 1;
    %assign/vec4 v0x555fb9eadb20_0, 0;
    %pushi/vec4 0, 0, 1;
    %assign/vec4 v0x555fb9eae030_0, 0;
    %pushi/vec4 0, 0, 1;
    %assign/vec4 v0x555fb9eae6f0_0, 0;
    %pushi/vec4 0, 0, 1;
    %assign/vec4 v0x555fb9eae1b0_0, 0;
    %pushi/vec4 0, 0, 1;
    %assign/vec4 v0x555fb9eada10_0, 0;
    %pushi/vec4 0, 0, 1;
    %assign/vec4 v0x555fb9ead950_0, 0;
    %pushi/vec4 0, 0, 1;
    %assign/vec4 v0x555fb9eadca0_0, 0;
    %pushi/vec4 0, 0, 1;
    %assign/vec4 v0x555fb9eadbe0_0, 0;
    %pushi/vec4 1, 0, 1;
    %assign/vec4 v0x555fb9eadeb0_0, 0;
    %pushi/vec4 0, 0, 1;
    %assign/vec4 v0x555fb9eadd60_0, 0;
    %pushi/vec4 1, 0, 1;
    %assign/vec4 v0x555fb9eadf70_0, 0;
    %pushi/vec4 0, 0, 1;
    %assign/vec4 v0x555fb9eae0f0_0, 0;
    %pushi/vec4 0, 0, 1;
    %assign/vec4 v0x555fb9eae570_0, 0;
    %pushi/vec4 0, 0, 1;
    %assign/vec4 v0x555fb9eae4b0_0, 0;
    %pushi/vec4 1, 0, 1;
    %assign/vec4 v0x555fb9eae3f0_0, 0;
    %pushi/vec4 0, 0, 1;
    %assign/vec4 v0x555fb9eae330_0, 0;
    %pushi/vec4 0, 0, 1;
    %assign/vec4 v0x555fb9eae270_0, 0;
    %jmp T_1.48;
T_1.42 ;
    %pushi/vec4 0, 0, 1;
    %assign/vec4 v0x555fb9e42c70_0, 0;
    %pushi/vec4 1, 0, 1;
    %assign/vec4 v0x555fb9eae630_0, 0;
    %pushi/vec4 0, 0, 32;
    %assign/vec4 v0x555fb9ead890_0, 0;
    %pushi/vec4 0, 0, 1;
    %assign/vec4 v0x555fb9eadb20_0, 0;
    %pushi/vec4 0, 0, 1;
    %assign/vec4 v0x555fb9eae030_0, 0;
    %pushi/vec4 0, 0, 1;
    %assign/vec4 v0x555fb9eae6f0_0, 0;
    %pushi/vec4 0, 0, 1;
    %assign/vec4 v0x555fb9eae1b0_0, 0;
    %pushi/vec4 0, 0, 1;
    %assign/vec4 v0x555fb9eada10_0, 0;
    %pushi/vec4 0, 0, 1;
    %assign/vec4 v0x555fb9ead950_0, 0;
    %pushi/vec4 0, 0, 1;
    %assign/vec4 v0x555fb9eadca0_0, 0;
    %pushi/vec4 1, 0, 1;
    %assign/vec4 v0x555fb9eadbe0_0, 0;
    %pushi/vec4 1, 0, 1;
    %assign/vec4 v0x555fb9eadeb0_0, 0;
    %pushi/vec4 0, 0, 1;
    %assign/vec4 v0x555fb9eadd60_0, 0;
    %pushi/vec4 1, 0, 1;
    %assign/vec4 v0x555fb9eadf70_0, 0;
    %pushi/vec4 0, 0, 1;
    %assign/vec4 v0x555fb9eae0f0_0, 0;
    %pushi/vec4 0, 0, 1;
    %assign/vec4 v0x555fb9eae570_0, 0;
    %pushi/vec4 0, 0, 1;
    %assign/vec4 v0x555fb9eae4b0_0, 0;
    %pushi/vec4 1, 0, 1;
    %assign/vec4 v0x555fb9eae3f0_0, 0;
    %pushi/vec4 0, 0, 1;
    %assign/vec4 v0x555fb9eae330_0, 0;
    %pushi/vec4 0, 0, 1;
    %assign/vec4 v0x555fb9eae270_0, 0;
    %jmp T_1.48;
T_1.43 ;
    %pushi/vec4 0, 0, 1;
    %assign/vec4 v0x555fb9e42c70_0, 0;
    %pushi/vec4 1, 0, 1;
    %assign/vec4 v0x555fb9eae630_0, 0;
    %pushi/vec4 0, 0, 32;
    %assign/vec4 v0x555fb9ead890_0, 0;
    %pushi/vec4 0, 0, 1;
    %assign/vec4 v0x555fb9eadb20_0, 0;
    %pushi/vec4 0, 0, 1;
    %assign/vec4 v0x555fb9eae030_0, 0;
    %pushi/vec4 0, 0, 1;
    %assign/vec4 v0x555fb9eae6f0_0, 0;
    %pushi/vec4 0, 0, 1;
    %assign/vec4 v0x555fb9eae1b0_0, 0;
    %pushi/vec4 0, 0, 1;
    %assign/vec4 v0x555fb9eada10_0, 0;
    %pushi/vec4 0, 0, 1;
    %assign/vec4 v0x555fb9ead950_0, 0;
    %pushi/vec4 0, 0, 1;
    %assign/vec4 v0x555fb9eadca0_0, 0;
    %pushi/vec4 1, 0, 1;
    %assign/vec4 v0x555fb9eadbe0_0, 0;
    %pushi/vec4 1, 0, 1;
    %assign/vec4 v0x555fb9eadeb0_0, 0;
    %pushi/vec4 0, 0, 1;
    %assign/vec4 v0x555fb9eadd60_0, 0;
    %pushi/vec4 1, 0, 1;
    %assign/vec4 v0x555fb9eadf70_0, 0;
    %pushi/vec4 0, 0, 1;
    %assign/vec4 v0x555fb9eae0f0_0, 0;
    %pushi/vec4 0, 0, 1;
    %assign/vec4 v0x555fb9eae570_0, 0;
    %pushi/vec4 0, 0, 1;
    %assign/vec4 v0x555fb9eae4b0_0, 0;
    %pushi/vec4 1, 0, 1;
    %assign/vec4 v0x555fb9eae3f0_0, 0;
    %pushi/vec4 0, 0, 1;
    %assign/vec4 v0x555fb9eae330_0, 0;
    %pushi/vec4 0, 0, 1;
    %assign/vec4 v0x555fb9eae270_0, 0;
    %jmp T_1.48;
T_1.44 ;
    %pushi/vec4 0, 0, 1;
    %assign/vec4 v0x555fb9e42c70_0, 0;
    %pushi/vec4 1, 0, 1;
    %assign/vec4 v0x555fb9eae630_0, 0;
    %pushi/vec4 0, 0, 32;
    %assign/vec4 v0x555fb9ead890_0, 0;
    %pushi/vec4 0, 0, 1;
    %assign/vec4 v0x555fb9eadb20_0, 0;
    %pushi/vec4 0, 0, 1;
    %assign/vec4 v0x555fb9eae030_0, 0;
    %pushi/vec4 0, 0, 1;
    %assign/vec4 v0x555fb9eae6f0_0, 0;
    %pushi/vec4 0, 0, 1;
    %assign/vec4 v0x555fb9eae1b0_0, 0;
    %pushi/vec4 0, 0, 1;
    %assign/vec4 v0x555fb9eada10_0, 0;
    %pushi/vec4 0, 0, 1;
    %assign/vec4 v0x555fb9ead950_0, 0;
    %pushi/vec4 0, 0, 1;
    %assign/vec4 v0x555fb9eadca0_0, 0;
    %pushi/vec4 1, 0, 1;
    %assign/vec4 v0x555fb9eadbe0_0, 0;
    %pushi/vec4 0, 0, 1;
    %assign/vec4 v0x555fb9eadeb0_0, 0;
    %pushi/vec4 1, 0, 1;
    %assign/vec4 v0x555fb9eadd60_0, 0;
    %pushi/vec4 1, 0, 1;
    %assign/vec4 v0x555fb9eadf70_0, 0;
    %pushi/vec4 0, 0, 1;
    %assign/vec4 v0x555fb9eae0f0_0, 0;
    %pushi/vec4 0, 0, 1;
    %assign/vec4 v0x555fb9eae570_0, 0;
    %pushi/vec4 0, 0, 1;
    %assign/vec4 v0x555fb9eae4b0_0, 0;
    %pushi/vec4 0, 0, 1;
    %assign/vec4 v0x555fb9eae3f0_0, 0;
    %pushi/vec4 0, 0, 1;
    %assign/vec4 v0x555fb9eae330_0, 0;
    %pushi/vec4 0, 0, 1;
    %assign/vec4 v0x555fb9eae270_0, 0;
    %jmp T_1.48;
T_1.45 ;
    %pushi/vec4 0, 0, 1;
    %assign/vec4 v0x555fb9e42c70_0, 0;
    %pushi/vec4 1, 0, 1;
    %assign/vec4 v0x555fb9eae630_0, 0;
    %pushi/vec4 0, 0, 32;
    %assign/vec4 v0x555fb9ead890_0, 0;
    %pushi/vec4 0, 0, 1;
    %assign/vec4 v0x555fb9eadb20_0, 0;
    %pushi/vec4 0, 0, 1;
    %assign/vec4 v0x555fb9eae030_0, 0;
    %pushi/vec4 0, 0, 1;
    %assign/vec4 v0x555fb9eae6f0_0, 0;
    %pushi/vec4 0, 0, 1;
    %assign/vec4 v0x555fb9eae1b0_0, 0;
    %pushi/vec4 0, 0, 1;
    %assign/vec4 v0x555fb9eada10_0, 0;
    %pushi/vec4 0, 0, 1;
    %assign/vec4 v0x555fb9ead950_0, 0;
    %pushi/vec4 0, 0, 1;
    %assign/vec4 v0x555fb9eadca0_0, 0;
    %pushi/vec4 1, 0, 1;
    %assign/vec4 v0x555fb9eadbe0_0, 0;
    %pushi/vec4 0, 0, 1;
    %assign/vec4 v0x555fb9eadeb0_0, 0;
    %pushi/vec4 0, 0, 1;
    %assign/vec4 v0x555fb9eadd60_0, 0;
    %pushi/vec4 0, 0, 1;
    %assign/vec4 v0x555fb9eadf70_0, 0;
    %pushi/vec4 0, 0, 1;
    %assign/vec4 v0x555fb9eae0f0_0, 0;
    %pushi/vec4 0, 0, 1;
    %assign/vec4 v0x555fb9eae570_0, 0;
    %pushi/vec4 0, 0, 1;
    %assign/vec4 v0x555fb9eae4b0_0, 0;
    %pushi/vec4 0, 0, 1;
    %assign/vec4 v0x555fb9eae3f0_0, 0;
    %pushi/vec4 0, 0, 1;
    %assign/vec4 v0x555fb9eae330_0, 0;
    %pushi/vec4 0, 0, 1;
    %assign/vec4 v0x555fb9eae270_0, 0;
    %jmp T_1.48;
T_1.46 ;
    %pushi/vec4 1, 0, 1;
    %assign/vec4 v0x555fb9e42c70_0, 0;
    %pushi/vec4 0, 0, 1;
    %assign/vec4 v0x555fb9eae630_0, 0;
    %pushi/vec4 0, 0, 32;
    %assign/vec4 v0x555fb9ead890_0, 0;
    %pushi/vec4 0, 0, 1;
    %assign/vec4 v0x555fb9eadb20_0, 0;
    %pushi/vec4 0, 0, 1;
    %assign/vec4 v0x555fb9eae030_0, 0;
    %pushi/vec4 0, 0, 1;
    %assign/vec4 v0x555fb9eae6f0_0, 0;
    %pushi/vec4 0, 0, 1;
    %assign/vec4 v0x555fb9eae1b0_0, 0;
    %pushi/vec4 0, 0, 1;
    %assign/vec4 v0x555fb9eada10_0, 0;
    %pushi/vec4 0, 0, 1;
    %assign/vec4 v0x555fb9ead950_0, 0;
    %pushi/vec4 0, 0, 1;
    %assign/vec4 v0x555fb9eadca0_0, 0;
    %pushi/vec4 1, 0, 1;
    %assign/vec4 v0x555fb9eadbe0_0, 0;
    %pushi/vec4 0, 0, 1;
    %assign/vec4 v0x555fb9eadeb0_0, 0;
    %pushi/vec4 0, 0, 1;
    %assign/vec4 v0x555fb9eadd60_0, 0;
    %pushi/vec4 0, 0, 1;
    %assign/vec4 v0x555fb9eadf70_0, 0;
    %pushi/vec4 0, 0, 1;
    %assign/vec4 v0x555fb9eae0f0_0, 0;
    %pushi/vec4 0, 0, 1;
    %assign/vec4 v0x555fb9eae570_0, 0;
    %pushi/vec4 0, 0, 1;
    %assign/vec4 v0x555fb9eae4b0_0, 0;
    %pushi/vec4 0, 0, 1;
    %assign/vec4 v0x555fb9eae3f0_0, 0;
    %pushi/vec4 0, 0, 1;
    %assign/vec4 v0x555fb9eae330_0, 0;
    %pushi/vec4 0, 0, 1;
    %assign/vec4 v0x555fb9eae270_0, 0;
    %jmp T_1.48;
T_1.48 ;
    %pop/vec4 1;
    %jmp T_1;
    .thread T_1, $push;
    .scope S_0x555fb9eaf2d0;
T_2 ;
    %wait E_0x555fb9e26de0;
    %load/vec4 v0x555fb9eaf600_0;
    %nor/r;
    %flag_set/vec4 8;
    %jmp/0xz  T_2.0, 8;
    %pushi/vec4 0, 0, 6;
    %assign/vec4 v0x555fb9eaf7c0_0, 0;
    %jmp T_2.1;
T_2.0 ;
    %load/vec4 v0x555fb9eaf6c0_0;
    %assign/vec4 v0x555fb9eaf7c0_0, 0;
T_2.1 ;
    %jmp T_2;
    .thread T_2;
    .scope S_0x555fb9db65a0;
T_3 ;
    %pushi/vec4 0, 0, 1;
    %store/vec4 v0x555fb9eb0f50_0, 0, 1;
    %pushi/vec4 1, 0, 1;
    %store/vec4 v0x555fb9eb1060_0, 0, 1;
    %pushi/vec4 1, 0, 1;
    %store/vec4 v0x555fb9eb1df0_0, 0, 1;
    %pushi/vec4 100, 0, 32;
T_3.0 %dup/vec4;
    %pushi/vec4 0, 0, 32;
    %cmp/s;
    %jmp/1xz T_3.1, 5;
    %jmp/1 T_3.1, 4;
    %pushi/vec4 1, 0, 32;
    %sub;
    %delay 5, 0;
    %load/vec4 v0x555fb9eb0f50_0;
    %inv;
    %store/vec4 v0x555fb9eb0f50_0, 0, 1;
    %jmp T_3.0;
T_3.1 ;
    %pop/vec4 1;
    %end;
    .thread T_3;
    .scope S_0x555fb9db65a0;
T_4 ;
    %fork t_1, S_0x555fb9db65a0;
    %fork t_2, S_0x555fb9db65a0;
    %fork t_3, S_0x555fb9db65a0;
    %fork t_4, S_0x555fb9db65a0;
    %fork t_5, S_0x555fb9db65a0;
    %fork t_6, S_0x555fb9db65a0;
    %fork t_7, S_0x555fb9db65a0;
    %join;
    %join;
    %join;
    %join;
    %join;
    %join;
    %join;
    %jmp t_0;
t_1 ;
    %pushi/vec4 0, 0, 1;
    %store/vec4 v0x555fb9eb2680_0, 0, 1;
    %end;
t_2 ;
    %delay 3, 0;
    %pushi/vec4 1, 0, 1;
    %store/vec4 v0x555fb9eb2680_0, 0, 1;
    %end;
t_3 ;
    %delay 80, 0;
    %pushi/vec4 0, 0, 1;
    %store/vec4 v0x555fb9eb2680_0, 0, 1;
    %end;
t_4 ;
    %delay 83, 0;
    %pushi/vec4 1, 0, 1;
    %store/vec4 v0x555fb9eb2680_0, 0, 1;
    %end;
t_5 ;
    %pushi/vec4 0, 0, 1;
    %store/vec4 v0x555fb9eb1170_0, 0, 1;
    %end;
t_6 ;
    %delay 50, 0;
    %pushi/vec4 1, 0, 1;
    %store/vec4 v0x555fb9eb1170_0, 0, 1;
    %end;
t_7 ;
    %delay 60, 0;
    %pushi/vec4 0, 0, 1;
    %store/vec4 v0x555fb9eb1170_0, 0, 1;
    %end;
    .scope S_0x555fb9db65a0;
t_0 ;
    %end;
    .thread T_4;
    .scope S_0x555fb9db65a0;
T_5 ;
    %vpi_call 2 1710 "$display", "===Control-Unit===\012" {0 0 0};
    %vpi_call 2 1711 "$display", "---Input---\012" {0 0 0};
    %vpi_call 2 1712 "$display", "FR | RF | IR | MDR | MAR | R_W | MOV | MA_1 | MA_0 | MB_1 | MB_0 | MC_1 | MC_0| MD | ME | OP4 | OP3 | OP2 | OP1 | OP0 | Time\012" {0 0 0};
    %vpi_call 2 1713 "$monitor", "%b | %b | %b | %b  | %b  | %b  | %b  |  %b  |  %b  |  %b  |  %b  | %b   |  %b | %b | %b | %b  | %b  | %b  | %b  |  %b |  %d", v0x555fb9eb1210_0, v0x555fb9eb24a0_0, v0x555fb9eb1300_0, v0x555fb9eb1b20_0, v0x555fb9eb13f0_0, v0x555fb9eb2590_0, v0x555fb9eb1d00_0, v0x555fb9eb15d0_0, v0x555fb9eb14e0_0, v0x555fb9eb1760_0, v0x555fb9eb16c0_0, v0x555fb9eb1940_0, v0x555fb9eb1850_0, v0x555fb9eb1a30_0, v0x555fb9eb1c10_0, v0x555fb9eb23b0_0, v0x555fb9eb22c0_0, v0x555fb9eb21d0_0, v0x555fb9eb20e0_0, v0x555fb9eb1ff0_0, v0x555fb9eb1df0_0, v0x555fb9eb1060_0, v0x555fb9eb1170_0, v0x555fb9eb2680_0, $time {0 0 0};
    %vpi_call 2 1715 "$display", "---Ouput---\012" {0 0 0};
    %end;
    .thread T_5;
# The file index is used to find the file name in the following table.
:file_names 3;
    "N/A";
    "<interactive>";
    "control_unit.v";
