#! /usr/local/bin/vvp
:ivl_version "0.10.0 (devel)" "(s20150513)";
:ivl_delay_selection "TYPICAL";
:vpi_time_precision + 0;
:vpi_module "system";
:vpi_module "vhdl_sys";
:vpi_module "v2005_math";
:vpi_module "va_math";
S_0x5569f91a7070 .scope module, "alutest" "alutest" 2 3;
 .timescale 0 0;
P_0x5569f9195a10 .param/l "sim_time" 0 2 12, +C4<00000000000000000000000001100100>;
v0x5569f91c7be0_0 .var "A", 0 31;
v0x5569f91c7cc0_0 .var "B", 0 31;
v0x5569f91c7d90_0 .var "Ci", 0 0;
v0x5569f91c7e90_0 .net "Co", 0 0, v0x5569f91c7430_0;  1 drivers
v0x5569f91c7f60_0 .net "N", 0 0, v0x5569f91c74f0_0;  1 drivers
v0x5569f91c8000_0 .var "OP", 0 3;
v0x5569f91c80d0_0 .net "V", 0 0, v0x5569f91c77c0_0;  1 drivers
v0x5569f91c81a0_0 .net "Y", 0 31, v0x5569f91c7600_0;  1 drivers
v0x5569f91c8270_0 .net "Z", 0 0, v0x5569f91c7880_0;  1 drivers
S_0x5569f91a7240 .scope module, "myAlu" "ALU" 2 14, 3 2 0, S_0x5569f91a7070;
 .timescale 0 0;
    .port_info 0 /OUTPUT 1 "N"
    .port_info 1 /OUTPUT 1 "Z"
    .port_info 2 /OUTPUT 1 "V"
    .port_info 3 /OUTPUT 1 "Cout"
    .port_info 4 /OUTPUT 32 "O"
    .port_info 5 /INPUT 1 "Cin"
    .port_info 6 /INPUT 32 "A"
    .port_info 7 /INPUT 32 "B"
    .port_info 8 /INPUT 4 "OP"
v0x5569f91a7540_0 .net "A", 0 31, v0x5569f91c7be0_0;  1 drivers
v0x5569f91c7280_0 .net "B", 0 31, v0x5569f91c7cc0_0;  1 drivers
v0x5569f91c7360_0 .net "Cin", 0 0, v0x5569f91c7d90_0;  1 drivers
v0x5569f91c7430_0 .var "Cout", 0 0;
v0x5569f91c74f0_0 .var "N", 0 0;
v0x5569f91c7600_0 .var "O", 0 31;
v0x5569f91c76e0_0 .net "OP", 0 3, v0x5569f91c8000_0;  1 drivers
v0x5569f91c77c0_0 .var "V", 0 0;
v0x5569f91c7880_0 .var "Z", 0 0;
v0x5569f91c7940_0 .var "keep_sgn_on_ovfl", 0 0;
v0x5569f91c7a00_0 .var "pre_sign", 0 0;
E_0x5569f9160b90/0 .event edge, v0x5569f91c76e0_0, v0x5569f91a7540_0, v0x5569f91c7280_0, v0x5569f91c7600_0;
E_0x5569f9160b90/1 .event edge, v0x5569f91c7940_0, v0x5569f91c7a00_0;
E_0x5569f9160b90 .event/or E_0x5569f9160b90/0, E_0x5569f9160b90/1;
    .scope S_0x5569f91a7240;
T_0 ;
    %wait E_0x5569f9160b90;
    %load/vec4 v0x5569f91c76e0_0;
    %dup/vec4;
    %pushi/vec4 0, 0, 4;
    %cmp/u;
    %jmp/1 T_0.0, 6;
    %dup/vec4;
    %pushi/vec4 1, 0, 4;
    %cmp/u;
    %jmp/1 T_0.1, 6;
    %dup/vec4;
    %pushi/vec4 2, 0, 4;
    %cmp/u;
    %jmp/1 T_0.2, 6;
    %dup/vec4;
    %pushi/vec4 3, 0, 4;
    %cmp/u;
    %jmp/1 T_0.3, 6;
    %dup/vec4;
    %pushi/vec4 4, 0, 4;
    %cmp/u;
    %jmp/1 T_0.4, 6;
    %dup/vec4;
    %pushi/vec4 5, 0, 4;
    %cmp/u;
    %jmp/1 T_0.5, 6;
    %dup/vec4;
    %pushi/vec4 5, 0, 4;
    %cmp/u;
    %jmp/1 T_0.6, 6;
    %dup/vec4;
    %pushi/vec4 6, 0, 4;
    %cmp/u;
    %jmp/1 T_0.7, 6;
    %load/vec4 v0x5569f91a7540_0;
    %assign/vec4 v0x5569f91c7600_0, 0;
    %jmp T_0.9;
T_0.0 ;
    %load/vec4 v0x5569f91a7540_0;
    %pushi/vec4 0, 0, 32;
    %cmp/e;
    %flag_get/vec4 4;
    %inv;
    %load/vec4 v0x5569f91c7280_0;
    %pushi/vec4 0, 0, 32;
    %cmp/e;
    %flag_get/vec4 4;
    %inv;
    %and;
    %pad/u 32;
    %assign/vec4 v0x5569f91c7600_0, 0;
    %jmp T_0.9;
T_0.1 ;
    %load/vec4 v0x5569f91a7540_0;
    %load/vec4 v0x5569f91c7280_0;
    %and;
    %assign/vec4 v0x5569f91c7600_0, 0;
    %jmp T_0.9;
T_0.2 ;
    %load/vec4 v0x5569f91a7540_0;
    %pushi/vec4 0, 0, 32;
    %cmp/e;
    %flag_get/vec4 4;
    %inv;
    %load/vec4 v0x5569f91c7280_0;
    %pushi/vec4 0, 0, 32;
    %cmp/e;
    %flag_get/vec4 4;
    %inv;
    %or;
    %pad/u 32;
    %assign/vec4 v0x5569f91c7600_0, 0;
    %jmp T_0.9;
T_0.3 ;
    %load/vec4 v0x5569f91a7540_0;
    %load/vec4 v0x5569f91c7280_0;
    %or;
    %assign/vec4 v0x5569f91c7600_0, 0;
    %jmp T_0.9;
T_0.4 ;
    %load/vec4 v0x5569f91a7540_0;
    %pad/u 33;
    %load/vec4 v0x5569f91c7280_0;
    %pad/u 33;
    %add;
    %split/vec4 32;
    %store/vec4 v0x5569f91c7600_0, 0, 32;
    %store/vec4 v0x5569f91c7430_0, 0, 1;
    %jmp T_0.9;
T_0.5 ;
    %load/vec4 v0x5569f91a7540_0;
    %load/vec4 v0x5569f91c7280_0;
    %xor;
    %assign/vec4 v0x5569f91c7600_0, 0;
    %jmp T_0.9;
T_0.6 ;
    %load/vec4 v0x5569f91a7540_0;
    %load/vec4 v0x5569f91c7280_0;
    %xor/r;
    %pad/u 32;
    %xor;
    %assign/vec4 v0x5569f91c7600_0, 0;
    %jmp T_0.9;
T_0.7 ;
    %pushi/vec4 0, 0, 1;
    %load/vec4 v0x5569f91a7540_0;
    %concat/vec4; draw_concat_vec4
    %pushi/vec4 0, 0, 1;
    %load/vec4 v0x5569f91c7280_0;
    %concat/vec4; draw_concat_vec4
    %sub;
    %split/vec4 32;
    %assign/vec4 v0x5569f91c7600_0, 0;
    %assign/vec4 v0x5569f91c7430_0, 0;
    %jmp T_0.9;
T_0.9 ;
    %pop/vec4 1;
    %pushi/vec4 0, 0, 32;
    %cmpi/e 0, 0, 32;
    %flag_mov 8, 6;
    %jmp/0 T_0.10, 8;
    %pushi/vec4 1, 0, 2;
    %jmp/1 T_0.11, 8;
T_0.10 ; End of true expr.
    %pushi/vec4 0, 0, 2;
    %jmp/0 T_0.11, 8;
 ; End of false expr.
    %blend;
T_0.11;
    %pad/s 1;
    %assign/vec4 v0x5569f91c7880_0, 0;
    %load/vec4 v0x5569f91a7540_0;
    %parti/s 1, 0, 2;
    %assign/vec4 v0x5569f91c7a00_0, 0;
    %load/vec4 v0x5569f91c76e0_0;
    %pushi/vec4 0, 0, 4;
    %cmp/e;
    %flag_get/vec4 4;
    %load/vec4 v0x5569f91a7540_0;
    %parti/s 1, 0, 2;
    %load/vec4 v0x5569f91c7280_0;
    %parti/s 1, 0, 2;
    %cmp/e;
    %flag_get/vec4 4;
    %inv;
    %and;
    %load/vec4 v0x5569f91c76e0_0;
    %pushi/vec4 2, 0, 4;
    %cmp/e;
    %flag_get/vec4 4;
    %load/vec4 v0x5569f91a7540_0;
    %parti/s 1, 0, 2;
    %load/vec4 v0x5569f91c7280_0;
    %parti/s 1, 0, 2;
    %cmp/e;
    %flag_get/vec4 4;
    %and;
    %or;
    %assign/vec4 v0x5569f91c7940_0, 0;
    %load/vec4 v0x5569f91c7600_0;
    %parti/s 1, 0, 2;
    %load/vec4 v0x5569f91c7940_0;
    %load/vec4 v0x5569f91c7a00_0;
    %load/vec4 v0x5569f91c7600_0;
    %parti/s 1, 0, 2;
    %cmp/e;
    %flag_get/vec4 4;
    %inv;
    %and;
    %xor;
    %store/vec4 v0x5569f91c74f0_0, 0, 1;
    %jmp T_0;
    .thread T_0, $push;
    .scope S_0x5569f91a7070;
T_1 ;
    %delay 100, 0;
    %vpi_call 2 16 "$finish" {0 0 0};
    %end;
    .thread T_1;
    .scope S_0x5569f91a7070;
T_2 ;
    %pushi/vec4 4294967294, 0, 32;
    %assign/vec4 v0x5569f91c7be0_0, 0;
    %pushi/vec4 0, 0, 32;
    %assign/vec4 v0x5569f91c7cc0_0, 0;
    %pushi/vec4 4, 0, 4;
    %store/vec4 v0x5569f91c8000_0, 0, 4;
    %pushi/vec4 7, 0, 32;
T_2.0 %dup/vec4;
    %pushi/vec4 0, 0, 32;
    %cmp/s;
    %jmp/1xz T_2.1, 5;
    %jmp/1 T_2.1, 4;
    %pushi/vec4 1, 0, 32;
    %sub;
    %delay 10, 0;
    %load/vec4 v0x5569f91c7cc0_0;
    %addi 1000, 0, 32;
    %store/vec4 v0x5569f91c7cc0_0, 0, 32;
    %jmp T_2.0;
T_2.1 ;
    %pop/vec4 1;
    %end;
    .thread T_2;
    .scope S_0x5569f91a7070;
T_3 ;
    %vpi_call 2 29 "$display", "N    V    Z     C         Y" {0 0 0};
    %vpi_call 2 30 "$monitor", "%b    %b     %b      %b       %d", v0x5569f91c7f60_0, v0x5569f91c80d0_0, v0x5569f91c8270_0, v0x5569f91c7e90_0, v0x5569f91c81a0_0 {0 0 0};
    %end;
    .thread T_3;
# The file index is used to find the file name in the following table.
:file_names 4;
    "N/A";
    "<interactive>";
    "aluTest.v";
    "./ALU_32.v";
