#! /usr/local/bin/vvp
:ivl_version "0.10.0 (devel)" "(s20150513)";
:ivl_delay_selection "TYPICAL";
:vpi_time_precision + 0;
:vpi_module "system";
:vpi_module "vhdl_sys";
:vpi_module "v2005_math";
:vpi_module "va_math";
S_0x55b5cfca39c0 .scope module, "ALU" "ALU" 2 2;
 .timescale 0 0;
    .port_info 0 /OUTPUT 1 "N"
    .port_info 1 /OUTPUT 1 "Z"
    .port_info 2 /OUTPUT 1 "V"
    .port_info 3 /OUTPUT 1 "Cout"
    .port_info 4 /OUTPUT 32 "O"
    .port_info 5 /INPUT 1 "Cin"
    .port_info 6 /INPUT 32 "A"
    .port_info 7 /INPUT 32 "B"
    .port_info 8 /INPUT 4 "OP"
o0x7f8d6dc95018 .functor BUFZ 32, C4<zzzzzzzzzzzzzzzzzzzzzzzzzzzzzzzz>; HiZ drive
v0x55b5cfca3c20_0 .net/s "A", 0 31, o0x7f8d6dc95018;  0 drivers
o0x7f8d6dc95048 .functor BUFZ 32, C4<zzzzzzzzzzzzzzzzzzzzzzzzzzzzzzzz>; HiZ drive
v0x55b5cfcc3aa0_0 .net/s "B", 0 31, o0x7f8d6dc95048;  0 drivers
o0x7f8d6dc95078 .functor BUFZ 1, C4<z>; HiZ drive
v0x55b5cfcc3b80_0 .net "Cin", 0 0, o0x7f8d6dc95078;  0 drivers
v0x55b5cfcc3c20_0 .var "Cout", 0 0;
v0x55b5cfcc3ce0_0 .var "N", 0 0;
v0x55b5cfcc3df0_0 .var/s "O", 0 31;
o0x7f8d6dc95138 .functor BUFZ 4, C4<zzzz>; HiZ drive
v0x55b5cfcc3ed0_0 .net "OP", 0 3, o0x7f8d6dc95138;  0 drivers
v0x55b5cfcc3fb0_0 .var "V", 0 0;
v0x55b5cfcc4070_0 .var "Z", 0 0;
v0x55b5cfcc4130_0 .var "keep_sgn_on_ovfl", 0 0;
v0x55b5cfcc41f0_0 .var "pre_sign", 0 0;
v0x55b5cfcc42b0_0 .var "set_ovfl", 0 0;
E_0x55b5cfc975b0/0 .event edge, v0x55b5cfcc3ed0_0, v0x55b5cfca3c20_0, v0x55b5cfcc3aa0_0, v0x55b5cfcc3df0_0;
E_0x55b5cfc975b0/1 .event edge, v0x55b5cfcc4130_0, v0x55b5cfcc41f0_0, v0x55b5cfcc42b0_0;
E_0x55b5cfc975b0 .event/or E_0x55b5cfc975b0/0, E_0x55b5cfc975b0/1;
    .scope S_0x55b5cfca39c0;
T_0 ;
    %wait E_0x55b5cfc975b0;
    %load/vec4 v0x55b5cfcc3ed0_0;
    %dup/vec4;
    %pushi/vec4 0, 0, 4;
    %cmp/u;
    %jmp/1 T_0.0, 6;
    %dup/vec4;
    %pushi/vec4 1, 0, 4;
    %cmp/u;
    %jmp/1 T_0.1, 6;
    %dup/vec4;
    %pushi/vec4 2, 0, 4;
    %cmp/u;
    %jmp/1 T_0.2, 6;
    %dup/vec4;
    %pushi/vec4 3, 0, 4;
    %cmp/u;
    %jmp/1 T_0.3, 6;
    %dup/vec4;
    %pushi/vec4 4, 0, 4;
    %cmp/u;
    %jmp/1 T_0.4, 6;
    %dup/vec4;
    %pushi/vec4 5, 0, 4;
    %cmp/u;
    %jmp/1 T_0.5, 6;
    %dup/vec4;
    %pushi/vec4 6, 0, 4;
    %cmp/u;
    %jmp/1 T_0.6, 6;
    %dup/vec4;
    %pushi/vec4 7, 0, 4;
    %cmp/u;
    %jmp/1 T_0.7, 6;
    %load/vec4 v0x55b5cfca3c20_0;
    %assign/vec4 v0x55b5cfcc3df0_0, 0;
    %jmp T_0.9;
T_0.0 ;
    %load/vec4 v0x55b5cfca3c20_0;
    %pushi/vec4 0, 0, 32;
    %cmp/e;
    %flag_get/vec4 4;
    %inv;
    %load/vec4 v0x55b5cfcc3aa0_0;
    %pushi/vec4 0, 0, 32;
    %cmp/e;
    %flag_get/vec4 4;
    %inv;
    %and;
    %pad/u 32;
    %assign/vec4 v0x55b5cfcc3df0_0, 0;
    %jmp T_0.9;
T_0.1 ;
    %load/vec4 v0x55b5cfca3c20_0;
    %load/vec4 v0x55b5cfcc3aa0_0;
    %and;
    %assign/vec4 v0x55b5cfcc3df0_0, 0;
    %jmp T_0.9;
T_0.2 ;
    %load/vec4 v0x55b5cfca3c20_0;
    %pushi/vec4 0, 0, 32;
    %cmp/e;
    %flag_get/vec4 4;
    %inv;
    %load/vec4 v0x55b5cfcc3aa0_0;
    %pushi/vec4 0, 0, 32;
    %cmp/e;
    %flag_get/vec4 4;
    %inv;
    %or;
    %pad/u 32;
    %assign/vec4 v0x55b5cfcc3df0_0, 0;
    %jmp T_0.9;
T_0.3 ;
    %load/vec4 v0x55b5cfca3c20_0;
    %load/vec4 v0x55b5cfcc3aa0_0;
    %or;
    %assign/vec4 v0x55b5cfcc3df0_0, 0;
    %jmp T_0.9;
T_0.4 ;
    %load/vec4 v0x55b5cfca3c20_0;
    %pad/s 33;
    %load/vec4 v0x55b5cfcc3aa0_0;
    %pad/s 33;
    %add;
    %split/vec4 32;
    %store/vec4 v0x55b5cfcc3df0_0, 0, 32;
    %store/vec4 v0x55b5cfcc3c20_0, 0, 1;
    %jmp T_0.9;
T_0.5 ;
    %load/vec4 v0x55b5cfca3c20_0;
    %load/vec4 v0x55b5cfcc3aa0_0;
    %xor;
    %assign/vec4 v0x55b5cfcc3df0_0, 0;
    %jmp T_0.9;
T_0.6 ;
    %load/vec4 v0x55b5cfca3c20_0;
    %load/vec4 v0x55b5cfcc3aa0_0;
    %xor/r;
    %pad/u 32;
    %xor;
    %assign/vec4 v0x55b5cfcc3df0_0, 0;
    %jmp T_0.9;
T_0.7 ;
    %pushi/vec4 0, 0, 1;
    %load/vec4 v0x55b5cfca3c20_0;
    %concat/vec4; draw_concat_vec4
    %pushi/vec4 0, 0, 1;
    %load/vec4 v0x55b5cfcc3aa0_0;
    %concat/vec4; draw_concat_vec4
    %sub;
    %split/vec4 32;
    %assign/vec4 v0x55b5cfcc3df0_0, 0;
    %assign/vec4 v0x55b5cfcc3c20_0, 0;
    %jmp T_0.9;
T_0.9 ;
    %pop/vec4 1;
    %load/vec4 v0x55b5cfcc3df0_0;
    %cmpi/e 0, 0, 32;
    %flag_mov 8, 4;
    %jmp/0 T_0.10, 8;
    %pushi/vec4 1, 0, 2;
    %jmp/1 T_0.11, 8;
T_0.10 ; End of true expr.
    %pushi/vec4 0, 0, 2;
    %jmp/0 T_0.11, 8;
 ; End of false expr.
    %blend;
T_0.11;
    %pad/s 1;
    %store/vec4 v0x55b5cfcc4070_0, 0, 1;
    %load/vec4 v0x55b5cfca3c20_0;
    %parti/s 1, 0, 2;
    %assign/vec4 v0x55b5cfcc41f0_0, 0;
    %load/vec4 v0x55b5cfcc3ed0_0;
    %pushi/vec4 7, 0, 4;
    %cmp/e;
    %flag_get/vec4 4;
    %load/vec4 v0x55b5cfca3c20_0;
    %parti/s 1, 0, 2;
    %load/vec4 v0x55b5cfcc3aa0_0;
    %parti/s 1, 0, 2;
    %cmp/e;
    %flag_get/vec4 4;
    %inv;
    %and;
    %load/vec4 v0x55b5cfcc3ed0_0;
    %pushi/vec4 4, 0, 4;
    %cmp/e;
    %flag_get/vec4 4;
    %load/vec4 v0x55b5cfca3c20_0;
    %parti/s 1, 0, 2;
    %load/vec4 v0x55b5cfcc3aa0_0;
    %parti/s 1, 0, 2;
    %cmp/e;
    %flag_get/vec4 4;
    %and;
    %or;
    %assign/vec4 v0x55b5cfcc4130_0, 0;
    %load/vec4 v0x55b5cfcc3ed0_0;
    %pushi/vec4 7, 0, 4;
    %cmp/e;
    %flag_get/vec4 4;
    %load/vec4 v0x55b5cfca3c20_0;
    %parti/s 1, 31, 6;
    %load/vec4 v0x55b5cfcc3aa0_0;
    %parti/s 1, 31, 6;
    %cmp/e;
    %flag_get/vec4 4;
    %inv;
    %and;
    %load/vec4 v0x55b5cfcc3ed0_0;
    %pushi/vec4 4, 0, 4;
    %cmp/e;
    %flag_get/vec4 4;
    %load/vec4 v0x55b5cfca3c20_0;
    %parti/s 1, 31, 6;
    %load/vec4 v0x55b5cfcc3aa0_0;
    %parti/s 1, 31, 6;
    %cmp/e;
    %flag_get/vec4 4;
    %and;
    %or;
    %assign/vec4 v0x55b5cfcc42b0_0, 0;
    %load/vec4 v0x55b5cfcc3df0_0;
    %parti/s 1, 0, 2;
    %load/vec4 v0x55b5cfcc4130_0;
    %load/vec4 v0x55b5cfcc41f0_0;
    %load/vec4 v0x55b5cfcc3df0_0;
    %parti/s 1, 0, 2;
    %cmp/e;
    %flag_get/vec4 4;
    %inv;
    %and;
    %xor;
    %store/vec4 v0x55b5cfcc3ce0_0, 0, 1;
    %load/vec4 v0x55b5cfcc42b0_0;
    %load/vec4 v0x55b5cfcc41f0_0;
    %load/vec4 v0x55b5cfcc3df0_0;
    %parti/s 1, 31, 6;
    %cmp/e;
    %flag_get/vec4 4;
    %inv;
    %and;
    %store/vec4 v0x55b5cfcc3fb0_0, 0, 1;
    %jmp T_0;
    .thread T_0, $push;
# The file index is used to find the file name in the following table.
:file_names 3;
    "N/A";
    "<interactive>";
    "ALU_32.v";
